[2026-04-25T23:45:59.760+0000] {processor.py:161} INFO - Started process (PID=13) to work on /app/dags/olist_pipeline_dag.py
[2026-04-25T23:45:59.765+0000] {processor.py:830} INFO - Processing file /app/dags/olist_pipeline_dag.py for tasks to queue
[2026-04-25T23:45:59.769+0000] {logging_mixin.py:188} INFO - [2026-04-25T23:45:59.766+0000] {dagbag.py:538} INFO - Filling up the DagBag from /app/dags/olist_pipeline_dag.py
[2026-04-25T23:45:59.857+0000] {processor.py:840} INFO - DAG(s) 'olist_data_pipeline' retrieved from /app/dags/olist_pipeline_dag.py
[2026-04-25T23:46:00.132+0000] {logging_mixin.py:188} INFO - [2026-04-25T23:46:00.132+0000] {dag.py:3036} INFO - Sync 1 DAGs
[2026-04-25T23:46:00.310+0000] {logging_mixin.py:188} INFO - [2026-04-25T23:46:00.310+0000] {dag.py:3823} INFO - Setting next_dagrun for olist_data_pipeline to 2026-04-24 02:00:00+00:00, run_after=2026-04-25 02:00:00+00:00
[2026-04-25T23:46:00.462+0000] {processor.py:183} INFO - Processing /app/dags/olist_pipeline_dag.py took 0.711 seconds
[2026-04-25T23:46:30.884+0000] {processor.py:161} INFO - Started process (PID=20) to work on /app/dags/olist_pipeline_dag.py
[2026-04-25T23:46:30.886+0000] {processor.py:830} INFO - Processing file /app/dags/olist_pipeline_dag.py for tasks to queue
[2026-04-25T23:46:30.888+0000] {logging_mixin.py:188} INFO - [2026-04-25T23:46:30.887+0000] {dagbag.py:538} INFO - Filling up the DagBag from /app/dags/olist_pipeline_dag.py
[2026-04-25T23:46:30.939+0000] {processor.py:840} INFO - DAG(s) 'olist_data_pipeline' retrieved from /app/dags/olist_pipeline_dag.py
[2026-04-25T23:46:31.012+0000] {logging_mixin.py:188} INFO - [2026-04-25T23:46:31.012+0000] {dag.py:3036} INFO - Sync 1 DAGs
[2026-04-25T23:46:31.081+0000] {logging_mixin.py:188} INFO - [2026-04-25T23:46:31.081+0000] {dag.py:3823} INFO - Setting next_dagrun for olist_data_pipeline to 2026-04-24 02:00:00+00:00, run_after=2026-04-25 02:00:00+00:00
[2026-04-25T23:46:31.232+0000] {processor.py:183} INFO - Processing /app/dags/olist_pipeline_dag.py took 0.352 seconds
[2026-04-25T23:47:01.905+0000] {processor.py:161} INFO - Started process (PID=27) to work on /app/dags/olist_pipeline_dag.py
[2026-04-25T23:47:01.908+0000] {processor.py:830} INFO - Processing file /app/dags/olist_pipeline_dag.py for tasks to queue
[2026-04-25T23:47:01.911+0000] {logging_mixin.py:188} INFO - [2026-04-25T23:47:01.910+0000] {dagbag.py:538} INFO - Filling up the DagBag from /app/dags/olist_pipeline_dag.py
[2026-04-25T23:47:01.977+0000] {processor.py:840} INFO - DAG(s) 'olist_data_pipeline' retrieved from /app/dags/olist_pipeline_dag.py
[2026-04-25T23:47:02.044+0000] {logging_mixin.py:188} INFO - [2026-04-25T23:47:02.044+0000] {dag.py:3036} INFO - Sync 1 DAGs
[2026-04-25T23:47:02.099+0000] {logging_mixin.py:188} INFO - [2026-04-25T23:47:02.098+0000] {dag.py:3823} INFO - Setting next_dagrun for olist_data_pipeline to 2026-04-24 02:00:00+00:00, run_after=2026-04-25 02:00:00+00:00
[2026-04-25T23:47:02.292+0000] {processor.py:183} INFO - Processing /app/dags/olist_pipeline_dag.py took 0.394 seconds
[2026-04-25T23:47:39.883+0000] {processor.py:161} INFO - Started process (PID=58) to work on /app/dags/olist_pipeline_dag.py
[2026-04-25T23:47:39.886+0000] {processor.py:830} INFO - Processing file /app/dags/olist_pipeline_dag.py for tasks to queue
[2026-04-25T23:47:39.892+0000] {logging_mixin.py:188} INFO - [2026-04-25T23:47:39.889+0000] {dagbag.py:538} INFO - Filling up the DagBag from /app/dags/olist_pipeline_dag.py
[2026-04-25T23:47:39.974+0000] {processor.py:840} INFO - DAG(s) 'olist_data_pipeline' retrieved from /app/dags/olist_pipeline_dag.py
[2026-04-25T23:47:40.025+0000] {logging_mixin.py:188} INFO - [2026-04-25T23:47:40.025+0000] {dag.py:3036} INFO - Sync 1 DAGs
[2026-04-25T23:47:40.054+0000] {logging_mixin.py:188} INFO - [2026-04-25T23:47:40.054+0000] {dag.py:3823} INFO - Setting next_dagrun for olist_data_pipeline to 2026-04-25 02:00:00+00:00, run_after=2026-04-26 02:00:00+00:00
[2026-04-25T23:47:40.180+0000] {processor.py:183} INFO - Processing /app/dags/olist_pipeline_dag.py took 0.302 seconds
[2026-04-25T23:48:11.678+0000] {processor.py:161} INFO - Started process (PID=65) to work on /app/dags/olist_pipeline_dag.py
[2026-04-25T23:48:11.681+0000] {processor.py:830} INFO - Processing file /app/dags/olist_pipeline_dag.py for tasks to queue
[2026-04-25T23:48:11.683+0000] {logging_mixin.py:188} INFO - [2026-04-25T23:48:11.682+0000] {dagbag.py:538} INFO - Filling up the DagBag from /app/dags/olist_pipeline_dag.py
[2026-04-25T23:48:11.759+0000] {processor.py:840} INFO - DAG(s) 'olist_data_pipeline' retrieved from /app/dags/olist_pipeline_dag.py
[2026-04-25T23:48:11.835+0000] {logging_mixin.py:188} INFO - [2026-04-25T23:48:11.834+0000] {dag.py:3036} INFO - Sync 1 DAGs
[2026-04-25T23:48:11.891+0000] {logging_mixin.py:188} INFO - [2026-04-25T23:48:11.891+0000] {dag.py:3823} INFO - Setting next_dagrun for olist_data_pipeline to 2026-04-25 02:00:00+00:00, run_after=2026-04-26 02:00:00+00:00
[2026-04-25T23:48:12.049+0000] {processor.py:183} INFO - Processing /app/dags/olist_pipeline_dag.py took 0.376 seconds
[2026-04-25T23:48:42.296+0000] {processor.py:161} INFO - Started process (PID=72) to work on /app/dags/olist_pipeline_dag.py
[2026-04-25T23:48:42.299+0000] {processor.py:830} INFO - Processing file /app/dags/olist_pipeline_dag.py for tasks to queue
[2026-04-25T23:48:42.302+0000] {logging_mixin.py:188} INFO - [2026-04-25T23:48:42.301+0000] {dagbag.py:538} INFO - Filling up the DagBag from /app/dags/olist_pipeline_dag.py
[2026-04-25T23:48:42.364+0000] {processor.py:840} INFO - DAG(s) 'olist_data_pipeline' retrieved from /app/dags/olist_pipeline_dag.py
[2026-04-25T23:48:42.425+0000] {logging_mixin.py:188} INFO - [2026-04-25T23:48:42.424+0000] {dag.py:3036} INFO - Sync 1 DAGs
[2026-04-25T23:48:42.472+0000] {logging_mixin.py:188} INFO - [2026-04-25T23:48:42.471+0000] {dag.py:3823} INFO - Setting next_dagrun for olist_data_pipeline to 2026-04-25 02:00:00+00:00, run_after=2026-04-26 02:00:00+00:00
[2026-04-25T23:48:42.630+0000] {processor.py:183} INFO - Processing /app/dags/olist_pipeline_dag.py took 0.340 seconds
[2026-04-25T23:49:13.059+0000] {processor.py:161} INFO - Started process (PID=79) to work on /app/dags/olist_pipeline_dag.py
[2026-04-25T23:49:13.062+0000] {processor.py:830} INFO - Processing file /app/dags/olist_pipeline_dag.py for tasks to queue
[2026-04-25T23:49:13.064+0000] {logging_mixin.py:188} INFO - [2026-04-25T23:49:13.063+0000] {dagbag.py:538} INFO - Filling up the DagBag from /app/dags/olist_pipeline_dag.py
[2026-04-25T23:49:13.154+0000] {processor.py:840} INFO - DAG(s) 'olist_data_pipeline' retrieved from /app/dags/olist_pipeline_dag.py
[2026-04-25T23:49:13.238+0000] {logging_mixin.py:188} INFO - [2026-04-25T23:49:13.237+0000] {dag.py:3036} INFO - Sync 1 DAGs
[2026-04-25T23:49:13.306+0000] {logging_mixin.py:188} INFO - [2026-04-25T23:49:13.305+0000] {dag.py:3823} INFO - Setting next_dagrun for olist_data_pipeline to 2026-04-25 02:00:00+00:00, run_after=2026-04-26 02:00:00+00:00
[2026-04-25T23:49:13.508+0000] {processor.py:183} INFO - Processing /app/dags/olist_pipeline_dag.py took 0.456 seconds
[2026-04-25T23:49:44.211+0000] {processor.py:161} INFO - Started process (PID=86) to work on /app/dags/olist_pipeline_dag.py
[2026-04-25T23:49:44.213+0000] {processor.py:830} INFO - Processing file /app/dags/olist_pipeline_dag.py for tasks to queue
[2026-04-25T23:49:44.215+0000] {logging_mixin.py:188} INFO - [2026-04-25T23:49:44.214+0000] {dagbag.py:538} INFO - Filling up the DagBag from /app/dags/olist_pipeline_dag.py
[2026-04-25T23:49:44.287+0000] {processor.py:840} INFO - DAG(s) 'olist_data_pipeline' retrieved from /app/dags/olist_pipeline_dag.py
[2026-04-25T23:49:44.364+0000] {logging_mixin.py:188} INFO - [2026-04-25T23:49:44.364+0000] {dag.py:3036} INFO - Sync 1 DAGs
[2026-04-25T23:49:44.417+0000] {logging_mixin.py:188} INFO - [2026-04-25T23:49:44.417+0000] {dag.py:3823} INFO - Setting next_dagrun for olist_data_pipeline to 2026-04-25 02:00:00+00:00, run_after=2026-04-26 02:00:00+00:00
[2026-04-25T23:49:44.792+0000] {processor.py:183} INFO - Processing /app/dags/olist_pipeline_dag.py took 0.585 seconds
[2026-04-25T23:50:15.084+0000] {processor.py:161} INFO - Started process (PID=93) to work on /app/dags/olist_pipeline_dag.py
[2026-04-25T23:50:15.086+0000] {processor.py:830} INFO - Processing file /app/dags/olist_pipeline_dag.py for tasks to queue
[2026-04-25T23:50:15.087+0000] {logging_mixin.py:188} INFO - [2026-04-25T23:50:15.087+0000] {dagbag.py:538} INFO - Filling up the DagBag from /app/dags/olist_pipeline_dag.py
[2026-04-25T23:50:15.143+0000] {processor.py:840} INFO - DAG(s) 'olist_data_pipeline' retrieved from /app/dags/olist_pipeline_dag.py
[2026-04-25T23:50:15.205+0000] {logging_mixin.py:188} INFO - [2026-04-25T23:50:15.205+0000] {dag.py:3036} INFO - Sync 1 DAGs
[2026-04-25T23:50:15.408+0000] {logging_mixin.py:188} INFO - [2026-04-25T23:50:15.407+0000] {dag.py:3823} INFO - Setting next_dagrun for olist_data_pipeline to 2026-04-25 02:00:00+00:00, run_after=2026-04-26 02:00:00+00:00
[2026-04-25T23:50:15.547+0000] {processor.py:183} INFO - Processing /app/dags/olist_pipeline_dag.py took 0.470 seconds
[2026-04-25T23:50:45.839+0000] {processor.py:161} INFO - Started process (PID=100) to work on /app/dags/olist_pipeline_dag.py
[2026-04-25T23:50:45.841+0000] {processor.py:830} INFO - Processing file /app/dags/olist_pipeline_dag.py for tasks to queue
[2026-04-25T23:50:45.843+0000] {logging_mixin.py:188} INFO - [2026-04-25T23:50:45.842+0000] {dagbag.py:538} INFO - Filling up the DagBag from /app/dags/olist_pipeline_dag.py
[2026-04-25T23:50:45.889+0000] {processor.py:840} INFO - DAG(s) 'olist_data_pipeline' retrieved from /app/dags/olist_pipeline_dag.py
[2026-04-25T23:50:46.104+0000] {logging_mixin.py:188} INFO - [2026-04-25T23:50:46.103+0000] {dag.py:3036} INFO - Sync 1 DAGs
[2026-04-25T23:50:46.154+0000] {logging_mixin.py:188} INFO - [2026-04-25T23:50:46.154+0000] {dag.py:3823} INFO - Setting next_dagrun for olist_data_pipeline to 2026-04-25 02:00:00+00:00, run_after=2026-04-26 02:00:00+00:00
[2026-04-25T23:50:46.336+0000] {processor.py:183} INFO - Processing /app/dags/olist_pipeline_dag.py took 0.502 seconds
[2026-04-25T23:51:16.702+0000] {processor.py:161} INFO - Started process (PID=107) to work on /app/dags/olist_pipeline_dag.py
[2026-04-25T23:51:16.705+0000] {processor.py:830} INFO - Processing file /app/dags/olist_pipeline_dag.py for tasks to queue
[2026-04-25T23:51:16.707+0000] {logging_mixin.py:188} INFO - [2026-04-25T23:51:16.706+0000] {dagbag.py:538} INFO - Filling up the DagBag from /app/dags/olist_pipeline_dag.py
[2026-04-25T23:51:16.792+0000] {processor.py:840} INFO - DAG(s) 'olist_data_pipeline' retrieved from /app/dags/olist_pipeline_dag.py
[2026-04-25T23:51:17.068+0000] {logging_mixin.py:188} INFO - [2026-04-25T23:51:17.067+0000] {dag.py:3036} INFO - Sync 1 DAGs
[2026-04-25T23:51:17.131+0000] {logging_mixin.py:188} INFO - [2026-04-25T23:51:17.130+0000] {dag.py:3823} INFO - Setting next_dagrun for olist_data_pipeline to 2026-04-25 02:00:00+00:00, run_after=2026-04-26 02:00:00+00:00
[2026-04-25T23:51:17.376+0000] {processor.py:183} INFO - Processing /app/dags/olist_pipeline_dag.py took 0.680 seconds
[2026-04-25T23:51:39.923+0000] {processor.py:161} INFO - Started process (PID=13) to work on /app/dags/olist_pipeline_dag.py
[2026-04-25T23:51:39.924+0000] {processor.py:830} INFO - Processing file /app/dags/olist_pipeline_dag.py for tasks to queue
[2026-04-25T23:51:39.925+0000] {logging_mixin.py:188} INFO - [2026-04-25T23:51:39.925+0000] {dagbag.py:538} INFO - Filling up the DagBag from /app/dags/olist_pipeline_dag.py
[2026-04-25T23:51:39.962+0000] {processor.py:840} INFO - DAG(s) 'olist_data_pipeline' retrieved from /app/dags/olist_pipeline_dag.py
[2026-04-25T23:51:40.007+0000] {logging_mixin.py:188} INFO - [2026-04-25T23:51:40.007+0000] {dag.py:3036} INFO - Sync 1 DAGs
[2026-04-25T23:51:40.047+0000] {logging_mixin.py:188} INFO - [2026-04-25T23:51:40.046+0000] {dag.py:3823} INFO - Setting next_dagrun for olist_data_pipeline to 2026-04-25 02:00:00+00:00, run_after=2026-04-26 02:00:00+00:00
[2026-04-25T23:51:40.178+0000] {processor.py:183} INFO - Processing /app/dags/olist_pipeline_dag.py took 0.259 seconds
[2026-04-25T23:52:34.953+0000] {processor.py:161} INFO - Started process (PID=32) to work on /app/dags/olist_pipeline_dag.py
[2026-04-25T23:52:34.957+0000] {processor.py:830} INFO - Processing file /app/dags/olist_pipeline_dag.py for tasks to queue
[2026-04-25T23:52:34.960+0000] {logging_mixin.py:188} INFO - [2026-04-25T23:52:34.959+0000] {dagbag.py:538} INFO - Filling up the DagBag from /app/dags/olist_pipeline_dag.py
[2026-04-25T23:52:35.034+0000] {processor.py:840} INFO - DAG(s) 'olist_data_pipeline' retrieved from /app/dags/olist_pipeline_dag.py
[2026-04-25T23:52:35.111+0000] {logging_mixin.py:188} INFO - [2026-04-25T23:52:35.111+0000] {dag.py:3036} INFO - Sync 1 DAGs
[2026-04-25T23:52:35.177+0000] {logging_mixin.py:188} INFO - [2026-04-25T23:52:35.176+0000] {dag.py:3823} INFO - Setting next_dagrun for olist_data_pipeline to 2026-04-25 02:00:00+00:00, run_after=2026-04-26 02:00:00+00:00
[2026-04-25T23:52:35.416+0000] {processor.py:183} INFO - Processing /app/dags/olist_pipeline_dag.py took 0.468 seconds
[2026-04-25T23:53:21.983+0000] {processor.py:161} INFO - Started process (PID=82) to work on /app/dags/olist_pipeline_dag.py
[2026-04-25T23:53:21.985+0000] {processor.py:830} INFO - Processing file /app/dags/olist_pipeline_dag.py for tasks to queue
[2026-04-25T23:53:21.986+0000] {logging_mixin.py:188} INFO - [2026-04-25T23:53:21.986+0000] {dagbag.py:538} INFO - Filling up the DagBag from /app/dags/olist_pipeline_dag.py
[2026-04-25T23:53:22.039+0000] {processor.py:840} INFO - DAG(s) 'olist_data_pipeline' retrieved from /app/dags/olist_pipeline_dag.py
[2026-04-25T23:53:22.123+0000] {logging_mixin.py:188} INFO - [2026-04-25T23:53:22.123+0000] {dag.py:3036} INFO - Sync 1 DAGs
[2026-04-25T23:53:22.171+0000] {logging_mixin.py:188} INFO - [2026-04-25T23:53:22.171+0000] {dag.py:3823} INFO - Setting next_dagrun for olist_data_pipeline to 2026-04-25 02:00:00+00:00, run_after=2026-04-26 02:00:00+00:00
[2026-04-25T23:53:22.334+0000] {processor.py:183} INFO - Processing /app/dags/olist_pipeline_dag.py took 0.358 seconds
[2026-04-25T23:54:26.435+0000] {processor.py:161} INFO - Started process (PID=144) to work on /app/dags/olist_pipeline_dag.py
[2026-04-25T23:54:26.437+0000] {processor.py:830} INFO - Processing file /app/dags/olist_pipeline_dag.py for tasks to queue
[2026-04-25T23:54:26.439+0000] {logging_mixin.py:188} INFO - [2026-04-25T23:54:26.438+0000] {dagbag.py:538} INFO - Filling up the DagBag from /app/dags/olist_pipeline_dag.py
[2026-04-25T23:54:26.493+0000] {processor.py:840} INFO - DAG(s) 'olist_data_pipeline' retrieved from /app/dags/olist_pipeline_dag.py
[2026-04-25T23:54:26.548+0000] {logging_mixin.py:188} INFO - [2026-04-25T23:54:26.548+0000] {dag.py:3036} INFO - Sync 1 DAGs
[2026-04-25T23:54:26.586+0000] {logging_mixin.py:188} INFO - [2026-04-25T23:54:26.585+0000] {dag.py:3823} INFO - Setting next_dagrun for olist_data_pipeline to 2026-04-25 02:00:00+00:00, run_after=2026-04-26 02:00:00+00:00
[2026-04-25T23:54:26.728+0000] {processor.py:183} INFO - Processing /app/dags/olist_pipeline_dag.py took 0.296 seconds
[2026-04-25T23:55:41.099+0000] {processor.py:161} INFO - Started process (PID=212) to work on /app/dags/olist_pipeline_dag.py
[2026-04-25T23:55:41.101+0000] {processor.py:830} INFO - Processing file /app/dags/olist_pipeline_dag.py for tasks to queue
[2026-04-25T23:55:41.103+0000] {logging_mixin.py:188} INFO - [2026-04-25T23:55:41.102+0000] {dagbag.py:538} INFO - Filling up the DagBag from /app/dags/olist_pipeline_dag.py
[2026-04-25T23:55:41.158+0000] {processor.py:840} INFO - DAG(s) 'olist_data_pipeline' retrieved from /app/dags/olist_pipeline_dag.py
[2026-04-25T23:55:41.238+0000] {logging_mixin.py:188} INFO - [2026-04-25T23:55:41.238+0000] {dag.py:3036} INFO - Sync 1 DAGs
[2026-04-25T23:55:41.296+0000] {logging_mixin.py:188} INFO - [2026-04-25T23:55:41.296+0000] {dag.py:3823} INFO - Setting next_dagrun for olist_data_pipeline to 2026-04-25 02:00:00+00:00, run_after=2026-04-26 02:00:00+00:00
[2026-04-25T23:55:41.503+0000] {processor.py:183} INFO - Processing /app/dags/olist_pipeline_dag.py took 0.410 seconds
[2026-04-25T23:57:02.040+0000] {processor.py:161} INFO - Started process (PID=285) to work on /app/dags/olist_pipeline_dag.py
[2026-04-25T23:57:02.042+0000] {processor.py:830} INFO - Processing file /app/dags/olist_pipeline_dag.py for tasks to queue
[2026-04-25T23:57:02.044+0000] {logging_mixin.py:188} INFO - [2026-04-25T23:57:02.043+0000] {dagbag.py:538} INFO - Filling up the DagBag from /app/dags/olist_pipeline_dag.py
[2026-04-25T23:57:02.085+0000] {processor.py:840} INFO - DAG(s) 'olist_data_pipeline' retrieved from /app/dags/olist_pipeline_dag.py
[2026-04-25T23:57:02.141+0000] {logging_mixin.py:188} INFO - [2026-04-25T23:57:02.141+0000] {dag.py:3036} INFO - Sync 1 DAGs
[2026-04-25T23:57:02.185+0000] {logging_mixin.py:188} INFO - [2026-04-25T23:57:02.184+0000] {dag.py:3823} INFO - Setting next_dagrun for olist_data_pipeline to 2026-04-25 02:00:00+00:00, run_after=2026-04-26 02:00:00+00:00
[2026-04-25T23:57:02.363+0000] {processor.py:183} INFO - Processing /app/dags/olist_pipeline_dag.py took 0.327 seconds
[2026-04-25T23:58:01.713+0000] {processor.py:161} INFO - Started process (PID=346) to work on /app/dags/olist_pipeline_dag.py
[2026-04-25T23:58:01.715+0000] {processor.py:830} INFO - Processing file /app/dags/olist_pipeline_dag.py for tasks to queue
[2026-04-25T23:58:01.717+0000] {logging_mixin.py:188} INFO - [2026-04-25T23:58:01.717+0000] {dagbag.py:538} INFO - Filling up the DagBag from /app/dags/olist_pipeline_dag.py
[2026-04-25T23:58:01.788+0000] {processor.py:840} INFO - DAG(s) 'olist_data_pipeline' retrieved from /app/dags/olist_pipeline_dag.py
[2026-04-25T23:58:01.875+0000] {logging_mixin.py:188} INFO - [2026-04-25T23:58:01.875+0000] {dag.py:3036} INFO - Sync 1 DAGs
[2026-04-25T23:58:01.925+0000] {logging_mixin.py:188} INFO - [2026-04-25T23:58:01.925+0000] {dag.py:3823} INFO - Setting next_dagrun for olist_data_pipeline to 2026-04-25 02:00:00+00:00, run_after=2026-04-26 02:00:00+00:00
[2026-04-25T23:58:02.123+0000] {processor.py:183} INFO - Processing /app/dags/olist_pipeline_dag.py took 0.416 seconds
[2026-04-25T23:58:33.031+0000] {processor.py:161} INFO - Started process (PID=389) to work on /app/dags/olist_pipeline_dag.py
[2026-04-25T23:58:33.034+0000] {processor.py:830} INFO - Processing file /app/dags/olist_pipeline_dag.py for tasks to queue
[2026-04-25T23:58:33.036+0000] {logging_mixin.py:188} INFO - [2026-04-25T23:58:33.035+0000] {dagbag.py:538} INFO - Filling up the DagBag from /app/dags/olist_pipeline_dag.py
[2026-04-25T23:58:33.097+0000] {processor.py:840} INFO - DAG(s) 'olist_data_pipeline' retrieved from /app/dags/olist_pipeline_dag.py
[2026-04-25T23:58:33.171+0000] {logging_mixin.py:188} INFO - [2026-04-25T23:58:33.170+0000] {dag.py:3036} INFO - Sync 1 DAGs
[2026-04-25T23:58:33.226+0000] {logging_mixin.py:188} INFO - [2026-04-25T23:58:33.226+0000] {dag.py:3823} INFO - Setting next_dagrun for olist_data_pipeline to 2026-04-25 02:00:00+00:00, run_after=2026-04-26 02:00:00+00:00
[2026-04-25T23:58:33.397+0000] {processor.py:183} INFO - Processing /app/dags/olist_pipeline_dag.py took 0.371 seconds
[2026-04-25T23:59:04.896+0000] {processor.py:161} INFO - Started process (PID=396) to work on /app/dags/olist_pipeline_dag.py
[2026-04-25T23:59:04.898+0000] {processor.py:830} INFO - Processing file /app/dags/olist_pipeline_dag.py for tasks to queue
[2026-04-25T23:59:04.901+0000] {logging_mixin.py:188} INFO - [2026-04-25T23:59:04.900+0000] {dagbag.py:538} INFO - Filling up the DagBag from /app/dags/olist_pipeline_dag.py
[2026-04-25T23:59:04.971+0000] {processor.py:840} INFO - DAG(s) 'olist_data_pipeline' retrieved from /app/dags/olist_pipeline_dag.py
[2026-04-25T23:59:05.049+0000] {logging_mixin.py:188} INFO - [2026-04-25T23:59:05.049+0000] {dag.py:3036} INFO - Sync 1 DAGs
[2026-04-25T23:59:05.109+0000] {logging_mixin.py:188} INFO - [2026-04-25T23:59:05.109+0000] {dag.py:3823} INFO - Setting next_dagrun for olist_data_pipeline to 2026-04-25 02:00:00+00:00, run_after=2026-04-26 02:00:00+00:00
[2026-04-25T23:59:05.328+0000] {processor.py:183} INFO - Processing /app/dags/olist_pipeline_dag.py took 0.438 seconds
[2026-04-25T23:59:36.055+0000] {processor.py:161} INFO - Started process (PID=403) to work on /app/dags/olist_pipeline_dag.py
[2026-04-25T23:59:36.058+0000] {processor.py:830} INFO - Processing file /app/dags/olist_pipeline_dag.py for tasks to queue
[2026-04-25T23:59:36.061+0000] {logging_mixin.py:188} INFO - [2026-04-25T23:59:36.060+0000] {dagbag.py:538} INFO - Filling up the DagBag from /app/dags/olist_pipeline_dag.py
[2026-04-25T23:59:36.146+0000] {processor.py:840} INFO - DAG(s) 'olist_data_pipeline' retrieved from /app/dags/olist_pipeline_dag.py
[2026-04-25T23:59:36.221+0000] {logging_mixin.py:188} INFO - [2026-04-25T23:59:36.220+0000] {dag.py:3036} INFO - Sync 1 DAGs
[2026-04-25T23:59:36.274+0000] {logging_mixin.py:188} INFO - [2026-04-25T23:59:36.273+0000] {dag.py:3823} INFO - Setting next_dagrun for olist_data_pipeline to 2026-04-25 02:00:00+00:00, run_after=2026-04-26 02:00:00+00:00
[2026-04-25T23:59:36.495+0000] {processor.py:183} INFO - Processing /app/dags/olist_pipeline_dag.py took 0.446 seconds
