[2026-04-25T23:45:59.472+0000] {manager.py:469} INFO - Processing files using up to 1 processes at a time 
[2026-04-25T23:45:59.478+0000] {manager.py:470} INFO - Process each file at most once every 30 seconds
[2026-04-25T23:45:59.480+0000] {manager.py:471} INFO - Checking for new files in /app/dags every 300 seconds
[2026-04-25T23:45:59.485+0000] {manager.py:738} INFO - Searching for files in /app/dags
[2026-04-25T23:45:59.524+0000] {manager.py:741} INFO - There are 1 files in /app/dags
[2026-04-25T23:46:00.513+0000] {manager.py:879} INFO - 
================================================================================
DAG File Processing Stats

File Path                        PID    Runtime      # DAGs    # Errors  Last Runtime    Last Run
-------------------------------  -----  ---------  --------  ----------  --------------  -------------------
/app/dags/olist_pipeline_dag.py                           1           0  0.81s           2026-04-25T23:46:00
================================================================================
[2026-04-25T23:46:31.252+0000] {manager.py:879} INFO - 
================================================================================
DAG File Processing Stats

File Path                        PID    Runtime      # DAGs    # Errors  Last Runtime    Last Run
-------------------------------  -----  ---------  --------  ----------  --------------  -------------------
/app/dags/olist_pipeline_dag.py                           1           0  0.41s           2026-04-25T23:46:31
================================================================================
[2026-04-25T23:47:02.368+0000] {manager.py:879} INFO - 
================================================================================
DAG File Processing Stats

File Path                        PID    Runtime      # DAGs    # Errors  Last Runtime    Last Run
-------------------------------  -----  ---------  --------  ----------  --------------  -------------------
/app/dags/olist_pipeline_dag.py                           1           0  0.51s           2026-04-25T23:47:02
================================================================================
[2026-04-25T23:47:40.247+0000] {manager.py:879} INFO - 
================================================================================
DAG File Processing Stats

File Path                        PID    Runtime      # DAGs    # Errors  Last Runtime    Last Run
-------------------------------  -----  ---------  --------  ----------  --------------  -------------------
/app/dags/olist_pipeline_dag.py                           1           0  0.41s           2026-04-25T23:47:40
================================================================================
[2026-04-25T23:48:12.141+0000] {manager.py:879} INFO - 
================================================================================
DAG File Processing Stats

File Path                        PID    Runtime      # DAGs    # Errors  Last Runtime    Last Run
-------------------------------  -----  ---------  --------  ----------  --------------  -------------------
/app/dags/olist_pipeline_dag.py                           1           0  0.51s           2026-04-25T23:48:12
================================================================================
[2026-04-25T23:48:42.660+0000] {manager.py:879} INFO - 
================================================================================
DAG File Processing Stats

File Path                        PID    Runtime      # DAGs    # Errors  Last Runtime    Last Run
-------------------------------  -----  ---------  --------  ----------  --------------  -------------------
/app/dags/olist_pipeline_dag.py                           1           0  0.41s           2026-04-25T23:48:42
================================================================================
[2026-04-25T23:49:13.608+0000] {manager.py:879} INFO - 
================================================================================
DAG File Processing Stats

File Path                        PID    Runtime      # DAGs    # Errors  Last Runtime    Last Run
-------------------------------  -----  ---------  --------  ----------  --------------  -------------------
/app/dags/olist_pipeline_dag.py                           1           0  0.61s           2026-04-25T23:49:13
================================================================================
[2026-04-25T23:49:44.873+0000] {manager.py:879} INFO - 
================================================================================
DAG File Processing Stats

File Path                        PID    Runtime      # DAGs    # Errors  Last Runtime    Last Run
-------------------------------  -----  ---------  --------  ----------  --------------  -------------------
/app/dags/olist_pipeline_dag.py                           1           0  0.71s           2026-04-25T23:49:44
================================================================================
[2026-04-25T23:50:15.648+0000] {manager.py:879} INFO - 
================================================================================
DAG File Processing Stats

File Path                        PID    Runtime      # DAGs    # Errors  Last Runtime    Last Run
-------------------------------  -----  ---------  --------  ----------  --------------  -------------------
/app/dags/olist_pipeline_dag.py                           1           0  0.61s           2026-04-25T23:50:15
================================================================================
[2026-04-25T23:50:46.414+0000] {manager.py:879} INFO - 
================================================================================
DAG File Processing Stats

File Path                        PID    Runtime      # DAGs    # Errors  Last Runtime    Last Run
-------------------------------  -----  ---------  --------  ----------  --------------  -------------------
/app/dags/olist_pipeline_dag.py                           1           0  0.61s           2026-04-25T23:50:46
================================================================================
[2026-04-25T23:51:00.286+0000] {manager.py:738} INFO - Searching for files in /app/dags
[2026-04-25T23:51:00.368+0000] {manager.py:741} INFO - There are 1 files in /app/dags
[2026-04-25T23:51:17.457+0000] {manager.py:879} INFO - 
================================================================================
DAG File Processing Stats

File Path                        PID    Runtime      # DAGs    # Errors  Last Runtime    Last Run
-------------------------------  -----  ---------  --------  ----------  --------------  -------------------
/app/dags/olist_pipeline_dag.py                           1           0  0.81s           2026-04-25T23:51:17
================================================================================
[2026-04-25T23:51:36.908+0000] {manager.py:451} INFO - Exiting gracefully upon receiving signal 15
[2026-04-25T23:51:39.658+0000] {manager.py:469} INFO - Processing files using up to 1 processes at a time 
[2026-04-25T23:51:39.661+0000] {manager.py:470} INFO - Process each file at most once every 30 seconds
[2026-04-25T23:51:39.664+0000] {manager.py:471} INFO - Checking for new files in /app/dags every 300 seconds
[2026-04-25T23:51:39.666+0000] {manager.py:738} INFO - Searching for files in /app/dags
[2026-04-25T23:51:39.728+0000] {manager.py:741} INFO - There are 1 files in /app/dags
[2026-04-25T23:51:40.203+0000] {manager.py:879} INFO - 
================================================================================
DAG File Processing Stats

File Path                        PID    Runtime      # DAGs    # Errors  Last Runtime    Last Run
-------------------------------  -----  ---------  --------  ----------  --------------  -------------------
/app/dags/olist_pipeline_dag.py                           1           0  0.30s           2026-04-25T23:51:40
================================================================================
[2026-04-25T23:52:35.506+0000] {manager.py:879} INFO - 
================================================================================
DAG File Processing Stats

File Path                        PID    Runtime      # DAGs    # Errors  Last Runtime    Last Run
-------------------------------  -----  ---------  --------  ----------  --------------  -------------------
/app/dags/olist_pipeline_dag.py                           1           0  0.61s           2026-04-25T23:52:35
================================================================================
[2026-04-25T23:53:22.349+0000] {manager.py:879} INFO - 
================================================================================
DAG File Processing Stats

File Path                        PID    Runtime      # DAGs    # Errors  Last Runtime    Last Run
-------------------------------  -----  ---------  --------  ----------  --------------  -------------------
/app/dags/olist_pipeline_dag.py                           1           0  0.41s           2026-04-25T23:53:22
================================================================================
[2026-04-25T23:54:25.838+0000] {manager.py:451} INFO - Exiting gracefully upon receiving signal 15
[2026-04-25T23:54:26.120+0000] {manager.py:469} INFO - Processing files using up to 1 processes at a time 
[2026-04-25T23:54:26.123+0000] {manager.py:470} INFO - Process each file at most once every 30 seconds
[2026-04-25T23:54:26.125+0000] {manager.py:471} INFO - Checking for new files in /app/dags every 300 seconds
[2026-04-25T23:54:26.127+0000] {manager.py:738} INFO - Searching for files in /app/dags
[2026-04-25T23:54:26.171+0000] {manager.py:741} INFO - There are 1 files in /app/dags
[2026-04-25T23:54:26.813+0000] {manager.py:879} INFO - 
================================================================================
DAG File Processing Stats

File Path                        PID    Runtime      # DAGs    # Errors  Last Runtime    Last Run
-------------------------------  -----  ---------  --------  ----------  --------------  -------------------
/app/dags/olist_pipeline_dag.py                           1           0  0.41s           2026-04-25T23:54:26
================================================================================
[2026-04-25T23:55:40.675+0000] {manager.py:451} INFO - Exiting gracefully upon receiving signal 15
[2026-04-25T23:55:40.856+0000] {manager.py:469} INFO - Processing files using up to 1 processes at a time 
[2026-04-25T23:55:40.858+0000] {manager.py:470} INFO - Process each file at most once every 30 seconds
[2026-04-25T23:55:40.860+0000] {manager.py:471} INFO - Checking for new files in /app/dags every 300 seconds
[2026-04-25T23:55:40.862+0000] {manager.py:738} INFO - Searching for files in /app/dags
[2026-04-25T23:55:40.899+0000] {manager.py:741} INFO - There are 1 files in /app/dags
[2026-04-25T23:55:41.565+0000] {manager.py:879} INFO - 
================================================================================
DAG File Processing Stats

File Path                        PID    Runtime      # DAGs    # Errors  Last Runtime    Last Run
-------------------------------  -----  ---------  --------  ----------  --------------  -------------------
/app/dags/olist_pipeline_dag.py                           1           0  0.51s           2026-04-25T23:55:41
================================================================================
[2026-04-25T23:57:01.554+0000] {manager.py:451} INFO - Exiting gracefully upon receiving signal 15
[2026-04-25T23:57:01.740+0000] {manager.py:469} INFO - Processing files using up to 1 processes at a time 
[2026-04-25T23:57:01.742+0000] {manager.py:470} INFO - Process each file at most once every 30 seconds
[2026-04-25T23:57:01.744+0000] {manager.py:471} INFO - Checking for new files in /app/dags every 300 seconds
[2026-04-25T23:57:01.746+0000] {manager.py:738} INFO - Searching for files in /app/dags
[2026-04-25T23:57:01.784+0000] {manager.py:741} INFO - There are 1 files in /app/dags
[2026-04-25T23:57:02.418+0000] {manager.py:879} INFO - 
================================================================================
DAG File Processing Stats

File Path                        PID    Runtime      # DAGs    # Errors  Last Runtime    Last Run
-------------------------------  -----  ---------  --------  ----------  --------------  -------------------
/app/dags/olist_pipeline_dag.py                           1           0  0.41s           2026-04-25T23:57:02
================================================================================
[2026-04-25T23:58:01.067+0000] {manager.py:451} INFO - Exiting gracefully upon receiving signal 15
[2026-04-25T23:58:01.312+0000] {manager.py:469} INFO - Processing files using up to 1 processes at a time 
[2026-04-25T23:58:01.313+0000] {manager.py:470} INFO - Process each file at most once every 30 seconds
[2026-04-25T23:58:01.316+0000] {manager.py:471} INFO - Checking for new files in /app/dags every 300 seconds
[2026-04-25T23:58:01.318+0000] {manager.py:738} INFO - Searching for files in /app/dags
[2026-04-25T23:58:01.371+0000] {manager.py:741} INFO - There are 1 files in /app/dags
[2026-04-25T23:58:02.175+0000] {manager.py:879} INFO - 
================================================================================
DAG File Processing Stats

File Path                        PID    Runtime      # DAGs    # Errors  Last Runtime    Last Run
-------------------------------  -----  ---------  --------  ----------  --------------  -------------------
/app/dags/olist_pipeline_dag.py                           1           0  0.51s           2026-04-25T23:58:02
================================================================================
[2026-04-25T23:58:33.490+0000] {manager.py:879} INFO - 
================================================================================
DAG File Processing Stats

File Path                        PID    Runtime      # DAGs    # Errors  Last Runtime    Last Run
-------------------------------  -----  ---------  --------  ----------  --------------  -------------------
/app/dags/olist_pipeline_dag.py                           1           0  0.52s           2026-04-25T23:58:33
================================================================================
[2026-04-25T23:59:05.342+0000] {manager.py:879} INFO - 
================================================================================
DAG File Processing Stats

File Path                        PID    Runtime      # DAGs    # Errors  Last Runtime    Last Run
-------------------------------  -----  ---------  --------  ----------  --------------  -------------------
/app/dags/olist_pipeline_dag.py                           1           0  0.51s           2026-04-25T23:59:05
================================================================================
[2026-04-25T23:59:36.510+0000] {manager.py:879} INFO - 
================================================================================
DAG File Processing Stats

File Path                        PID    Runtime      # DAGs    # Errors  Last Runtime    Last Run
-------------------------------  -----  ---------  --------  ----------  --------------  -------------------
/app/dags/olist_pipeline_dag.py                           1           0  0.52s           2026-04-25T23:59:36
================================================================================
[2026-04-26T00:00:08.497+0000] {manager.py:879} INFO - 
================================================================================
DAG File Processing Stats

File Path                        PID    Runtime      # DAGs    # Errors  Last Runtime    Last Run
-------------------------------  -----  ---------  --------  ----------  --------------  -------------------
/app/dags/olist_pipeline_dag.py                           1           0  0.51s           2026-04-26T00:00:08
================================================================================
[2026-04-26T00:00:39.373+0000] {manager.py:879} INFO - 
================================================================================
DAG File Processing Stats

File Path                        PID    Runtime      # DAGs    # Errors  Last Runtime    Last Run
-------------------------------  -----  ---------  --------  ----------  --------------  -------------------
/app/dags/olist_pipeline_dag.py                           1           0  0.41s           2026-04-26T00:00:39
================================================================================
[2026-04-26T00:01:10.891+0000] {manager.py:879} INFO - 
================================================================================
DAG File Processing Stats

File Path                        PID    Runtime      # DAGs    # Errors  Last Runtime    Last Run
-------------------------------  -----  ---------  --------  ----------  --------------  -------------------
/app/dags/olist_pipeline_dag.py                           1           0  0.41s           2026-04-26T00:01:10
================================================================================
[2026-04-26T00:01:42.456+0000] {manager.py:879} INFO - 
================================================================================
DAG File Processing Stats

File Path                        PID    Runtime      # DAGs    # Errors  Last Runtime    Last Run
-------------------------------  -----  ---------  --------  ----------  --------------  -------------------
/app/dags/olist_pipeline_dag.py                           1           0  0.41s           2026-04-26T00:01:42
================================================================================
[2026-04-26T00:02:16.689+0000] {manager.py:879} INFO - 
================================================================================
DAG File Processing Stats

File Path                        PID    Runtime      # DAGs    # Errors  Last Runtime    Last Run
-------------------------------  -----  ---------  --------  ----------  --------------  -------------------
/app/dags/olist_pipeline_dag.py                           1           0  0.51s           2026-04-26T00:02:16
================================================================================
[2026-04-26T00:02:47.405+0000] {manager.py:879} INFO - 
================================================================================
DAG File Processing Stats

File Path                        PID    Runtime      # DAGs    # Errors  Last Runtime    Last Run
-------------------------------  -----  ---------  --------  ----------  --------------  -------------------
/app/dags/olist_pipeline_dag.py                           1           0  0.41s           2026-04-26T00:02:47
================================================================================
[2026-04-26T00:03:11.576+0000] {manager.py:738} INFO - Searching for files in /app/dags
[2026-04-26T00:03:11.637+0000] {manager.py:741} INFO - There are 1 files in /app/dags
[2026-04-26T00:03:18.657+0000] {manager.py:879} INFO - 
================================================================================
DAG File Processing Stats

File Path                        PID    Runtime      # DAGs    # Errors  Last Runtime    Last Run
-------------------------------  -----  ---------  --------  ----------  --------------  -------------------
/app/dags/olist_pipeline_dag.py                           1           0  0.41s           2026-04-26T00:03:18
================================================================================
[2026-04-26T00:03:49.313+0000] {manager.py:879} INFO - 
================================================================================
DAG File Processing Stats

File Path                        PID    Runtime      # DAGs    # Errors  Last Runtime    Last Run
-------------------------------  -----  ---------  --------  ----------  --------------  -------------------
/app/dags/olist_pipeline_dag.py                           1           0  0.51s           2026-04-26T00:03:49
================================================================================
[2026-04-26T00:04:20.987+0000] {manager.py:879} INFO - 
================================================================================
DAG File Processing Stats

File Path                        PID    Runtime      # DAGs    # Errors  Last Runtime    Last Run
-------------------------------  -----  ---------  --------  ----------  --------------  -------------------
/app/dags/olist_pipeline_dag.py                           1           0  0.51s           2026-04-26T00:04:20
================================================================================
[2026-04-26T00:04:24.375+0000] {manager.py:451} INFO - Exiting gracefully upon receiving signal 15
[2026-04-26T00:04:27.114+0000] {manager.py:469} INFO - Processing files using up to 1 processes at a time 
[2026-04-26T00:04:27.116+0000] {manager.py:470} INFO - Process each file at most once every 30 seconds
[2026-04-26T00:04:27.118+0000] {manager.py:471} INFO - Checking for new files in /app/dags every 300 seconds
[2026-04-26T00:04:27.120+0000] {manager.py:738} INFO - Searching for files in /app/dags
[2026-04-26T00:04:27.157+0000] {manager.py:741} INFO - There are 1 files in /app/dags
[2026-04-26T00:04:27.615+0000] {manager.py:879} INFO - 
================================================================================
DAG File Processing Stats

File Path                        PID    Runtime      # DAGs    # Errors  Last Runtime    Last Run
-------------------------------  -----  ---------  --------  ----------  --------------  -------------------
/app/dags/olist_pipeline_dag.py                           1           0  0.30s           2026-04-26T00:04:27
================================================================================
[2026-04-26T00:04:59.003+0000] {manager.py:879} INFO - 
================================================================================
DAG File Processing Stats

File Path                        PID    Runtime      # DAGs    # Errors  Last Runtime    Last Run
-------------------------------  -----  ---------  --------  ----------  --------------  -------------------
/app/dags/olist_pipeline_dag.py                           1           0  0.40s           2026-04-26T00:04:59
================================================================================
[2026-04-26T00:05:29.596+0000] {manager.py:879} INFO - 
================================================================================
DAG File Processing Stats

File Path                        PID    Runtime      # DAGs    # Errors  Last Runtime    Last Run
-------------------------------  -----  ---------  --------  ----------  --------------  -------------------
/app/dags/olist_pipeline_dag.py                           1           0  0.41s           2026-04-26T00:05:29
================================================================================
[2026-04-26T00:06:24.082+0000] {manager.py:879} INFO - 
================================================================================
DAG File Processing Stats

File Path                        PID    Runtime      # DAGs    # Errors  Last Runtime    Last Run
-------------------------------  -----  ---------  --------  ----------  --------------  -------------------
/app/dags/olist_pipeline_dag.py                           1           0  0.51s           2026-04-26T00:06:24
================================================================================
[2026-04-26T00:07:21.639+0000] {manager.py:879} INFO - 
================================================================================
DAG File Processing Stats

File Path                        PID    Runtime      # DAGs    # Errors  Last Runtime    Last Run
-------------------------------  -----  ---------  --------  ----------  --------------  -------------------
/app/dags/olist_pipeline_dag.py                           1           0  0.41s           2026-04-26T00:07:21
================================================================================
[2026-04-26T00:07:59.362+0000] {manager.py:879} INFO - 
================================================================================
DAG File Processing Stats

File Path                        PID    Runtime      # DAGs    # Errors  Last Runtime    Last Run
-------------------------------  -----  ---------  --------  ----------  --------------  -------------------
/app/dags/olist_pipeline_dag.py                           1           0  0.61s           2026-04-26T00:07:59
================================================================================
[2026-04-26T00:08:30.026+0000] {manager.py:879} INFO - 
================================================================================
DAG File Processing Stats

File Path                        PID    Runtime      # DAGs    # Errors  Last Runtime    Last Run
-------------------------------  -----  ---------  --------  ----------  --------------  -------------------
/app/dags/olist_pipeline_dag.py                           1           0  0.51s           2026-04-26T00:08:30
================================================================================
[2026-04-26T00:09:01.455+0000] {manager.py:879} INFO - 
================================================================================
DAG File Processing Stats

File Path                        PID    Runtime      # DAGs    # Errors  Last Runtime    Last Run
-------------------------------  -----  ---------  --------  ----------  --------------  -------------------
/app/dags/olist_pipeline_dag.py                           1           0  0.51s           2026-04-26T00:09:01
================================================================================
[2026-04-26T00:09:28.580+0000] {manager.py:738} INFO - Searching for files in /app/dags
[2026-04-26T00:09:28.690+0000] {manager.py:741} INFO - There are 1 files in /app/dags
[2026-04-26T00:09:32.522+0000] {manager.py:879} INFO - 
================================================================================
DAG File Processing Stats

File Path                        PID    Runtime      # DAGs    # Errors  Last Runtime    Last Run
-------------------------------  -----  ---------  --------  ----------  --------------  -------------------
/app/dags/olist_pipeline_dag.py                           1           0  0.61s           2026-04-26T00:09:32
================================================================================
[2026-04-26T00:10:04.352+0000] {manager.py:879} INFO - 
================================================================================
DAG File Processing Stats

File Path                        PID    Runtime      # DAGs    # Errors  Last Runtime    Last Run
-------------------------------  -----  ---------  --------  ----------  --------------  -------------------
/app/dags/olist_pipeline_dag.py                           1           0  0.61s           2026-04-26T00:10:04
================================================================================
[2026-04-26T00:10:35.191+0000] {manager.py:879} INFO - 
================================================================================
DAG File Processing Stats

File Path                        PID    Runtime      # DAGs    # Errors  Last Runtime    Last Run
-------------------------------  -----  ---------  --------  ----------  --------------  -------------------
/app/dags/olist_pipeline_dag.py                           1           0  0.62s           2026-04-26T00:10:35
================================================================================
[2026-04-26T00:10:58.188+0000] {manager.py:451} INFO - Exiting gracefully upon receiving signal 15
[2026-04-26T00:11:01.118+0000] {manager.py:469} INFO - Processing files using up to 1 processes at a time 
[2026-04-26T00:11:01.121+0000] {manager.py:470} INFO - Process each file at most once every 30 seconds
[2026-04-26T00:11:01.123+0000] {manager.py:471} INFO - Checking for new files in /app/dags every 300 seconds
[2026-04-26T00:11:01.125+0000] {manager.py:738} INFO - Searching for files in /app/dags
[2026-04-26T00:11:01.179+0000] {manager.py:741} INFO - There are 1 files in /app/dags
[2026-04-26T00:11:01.803+0000] {manager.py:879} INFO - 
================================================================================
DAG File Processing Stats

File Path                        PID    Runtime      # DAGs    # Errors  Last Runtime    Last Run
-------------------------------  -----  ---------  --------  ----------  --------------  -------------------
/app/dags/olist_pipeline_dag.py                           1           0  0.40s           2026-04-26T00:11:01
================================================================================
[2026-04-26T00:11:46.579+0000] {manager.py:879} INFO - 
================================================================================
DAG File Processing Stats

File Path                        PID    Runtime      # DAGs    # Errors  Last Runtime    Last Run
-------------------------------  -----  ---------  --------  ----------  --------------  -------------------
/app/dags/olist_pipeline_dag.py                           1           0  0.41s           2026-04-26T00:11:46
================================================================================
[2026-04-26T00:12:33.326+0000] {manager.py:879} INFO - 
================================================================================
DAG File Processing Stats

File Path                        PID    Runtime      # DAGs    # Errors  Last Runtime    Last Run
-------------------------------  -----  ---------  --------  ----------  --------------  -------------------
/app/dags/olist_pipeline_dag.py                           1           0  0.51s           2026-04-26T00:12:33
================================================================================
[2026-04-26T00:13:04.847+0000] {manager.py:879} INFO - 
================================================================================
DAG File Processing Stats

File Path                        PID    Runtime      # DAGs    # Errors  Last Runtime    Last Run
-------------------------------  -----  ---------  --------  ----------  --------------  -------------------
/app/dags/olist_pipeline_dag.py                           1           0  0.51s           2026-04-26T00:13:04
================================================================================
[2026-04-26T00:13:55.061+0000] {manager.py:879} INFO - 
================================================================================
DAG File Processing Stats

File Path                        PID    Runtime      # DAGs    # Errors  Last Runtime    Last Run
-------------------------------  -----  ---------  --------  ----------  --------------  -------------------
/app/dags/olist_pipeline_dag.py                           1           0  0.41s           2026-04-26T00:13:55
================================================================================
[2026-04-26T00:14:25.759+0000] {manager.py:879} INFO - 
================================================================================
DAG File Processing Stats

File Path                        PID    Runtime      # DAGs    # Errors  Last Runtime    Last Run
-------------------------------  -----  ---------  --------  ----------  --------------  -------------------
/app/dags/olist_pipeline_dag.py                           1           0  0.41s           2026-04-26T00:14:25
================================================================================
[2026-04-26T00:14:57.293+0000] {manager.py:879} INFO - 
================================================================================
DAG File Processing Stats

File Path                        PID    Runtime      # DAGs    # Errors  Last Runtime    Last Run
-------------------------------  -----  ---------  --------  ----------  --------------  -------------------
/app/dags/olist_pipeline_dag.py                           1           0  0.51s           2026-04-26T00:14:57
================================================================================
[2026-04-26T00:15:29.024+0000] {manager.py:879} INFO - 
================================================================================
DAG File Processing Stats

File Path                        PID    Runtime      # DAGs    # Errors  Last Runtime    Last Run
-------------------------------  -----  ---------  --------  ----------  --------------  -------------------
/app/dags/olist_pipeline_dag.py                           1           0  0.51s           2026-04-26T00:15:29
================================================================================
[2026-04-26T00:16:00.729+0000] {manager.py:879} INFO - 
================================================================================
DAG File Processing Stats

File Path                        PID    Runtime      # DAGs    # Errors  Last Runtime    Last Run
-------------------------------  -----  ---------  --------  ----------  --------------  -------------------
/app/dags/olist_pipeline_dag.py                           1           0  0.61s           2026-04-26T00:16:00
================================================================================
[2026-04-26T00:16:02.426+0000] {manager.py:738} INFO - Searching for files in /app/dags
[2026-04-26T00:16:02.527+0000] {manager.py:741} INFO - There are 1 files in /app/dags
[2026-04-26T00:16:31.508+0000] {manager.py:879} INFO - 
================================================================================
DAG File Processing Stats

File Path                        PID    Runtime      # DAGs    # Errors  Last Runtime    Last Run
-------------------------------  -----  ---------  --------  ----------  --------------  -------------------
/app/dags/olist_pipeline_dag.py                           1           0  0.71s           2026-04-26T00:16:31
================================================================================
[2026-04-26T00:17:02.651+0000] {manager.py:879} INFO - 
================================================================================
DAG File Processing Stats

File Path                        PID    Runtime      # DAGs    # Errors  Last Runtime    Last Run
-------------------------------  -----  ---------  --------  ----------  --------------  -------------------
/app/dags/olist_pipeline_dag.py                           1           0  0.71s           2026-04-26T00:17:02
================================================================================
[2026-04-26T00:17:33.905+0000] {manager.py:879} INFO - 
================================================================================
DAG File Processing Stats

File Path                        PID    Runtime      # DAGs    # Errors  Last Runtime    Last Run
-------------------------------  -----  ---------  --------  ----------  --------------  -------------------
/app/dags/olist_pipeline_dag.py                           1           0  0.50s           2026-04-26T00:17:33
================================================================================
[2026-04-26T00:18:05.180+0000] {manager.py:879} INFO - 
================================================================================
DAG File Processing Stats

File Path                        PID    Runtime      # DAGs    # Errors  Last Runtime    Last Run
-------------------------------  -----  ---------  --------  ----------  --------------  -------------------
/app/dags/olist_pipeline_dag.py                           1           0  0.61s           2026-04-26T00:18:05
================================================================================
[2026-04-26T00:18:36.448+0000] {manager.py:879} INFO - 
================================================================================
DAG File Processing Stats

File Path                        PID    Runtime      # DAGs    # Errors  Last Runtime    Last Run
-------------------------------  -----  ---------  --------  ----------  --------------  -------------------
/app/dags/olist_pipeline_dag.py                           1           0  0.51s           2026-04-26T00:18:36
================================================================================
[2026-04-26T00:19:07.571+0000] {manager.py:879} INFO - 
================================================================================
DAG File Processing Stats

File Path                        PID    Runtime      # DAGs    # Errors  Last Runtime    Last Run
-------------------------------  -----  ---------  --------  ----------  --------------  -------------------
/app/dags/olist_pipeline_dag.py                           1           0  0.51s           2026-04-26T00:19:07
================================================================================
[2026-04-26T00:19:38.210+0000] {manager.py:879} INFO - 
================================================================================
DAG File Processing Stats

File Path                        PID    Runtime      # DAGs    # Errors  Last Runtime    Last Run
-------------------------------  -----  ---------  --------  ----------  --------------  -------------------
/app/dags/olist_pipeline_dag.py                           1           0  0.41s           2026-04-26T00:19:24
================================================================================
[2026-04-26T00:20:08.959+0000] {manager.py:879} INFO - 
================================================================================
DAG File Processing Stats

File Path                        PID    Runtime      # DAGs    # Errors  Last Runtime    Last Run
-------------------------------  -----  ---------  --------  ----------  --------------  -------------------
/app/dags/olist_pipeline_dag.py                           1           0  0.52s           2026-04-26T00:19:56
================================================================================
[2026-04-26T00:20:22.107+0000] {manager.py:451} INFO - Exiting gracefully upon receiving signal 15
[2026-04-26T00:20:24.968+0000] {manager.py:469} INFO - Processing files using up to 1 processes at a time 
[2026-04-26T00:20:24.969+0000] {manager.py:470} INFO - Process each file at most once every 30 seconds
[2026-04-26T00:20:24.971+0000] {manager.py:471} INFO - Checking for new files in /app/dags every 300 seconds
[2026-04-26T00:20:24.973+0000] {manager.py:738} INFO - Searching for files in /app/dags
[2026-04-26T00:20:25.037+0000] {manager.py:741} INFO - There are 1 files in /app/dags
[2026-04-26T00:20:25.597+0000] {manager.py:879} INFO - 
================================================================================
DAG File Processing Stats

File Path                        PID    Runtime      # DAGs    # Errors  Last Runtime    Last Run
-------------------------------  -----  ---------  --------  ----------  --------------  -------------------
/app/dags/olist_pipeline_dag.py                           1           0  0.31s           2026-04-26T00:20:25
================================================================================
[2026-04-26T00:20:56.983+0000] {manager.py:879} INFO - 
================================================================================
DAG File Processing Stats

File Path                        PID    Runtime      # DAGs    # Errors  Last Runtime    Last Run
-------------------------------  -----  ---------  --------  ----------  --------------  -------------------
/app/dags/olist_pipeline_dag.py                           1           0  0.51s           2026-04-26T00:20:56
================================================================================
[2026-04-26T00:21:28.604+0000] {manager.py:879} INFO - 
================================================================================
DAG File Processing Stats

File Path                        PID    Runtime      # DAGs    # Errors  Last Runtime    Last Run
-------------------------------  -----  ---------  --------  ----------  --------------  -------------------
/app/dags/olist_pipeline_dag.py                           1           0  0.51s           2026-04-26T00:21:28
================================================================================
[2026-04-26T00:22:16.587+0000] {manager.py:879} INFO - 
================================================================================
DAG File Processing Stats

File Path                        PID    Runtime      # DAGs    # Errors  Last Runtime    Last Run
-------------------------------  -----  ---------  --------  ----------  --------------  -------------------
/app/dags/olist_pipeline_dag.py                           1           0  0.42s           2026-04-26T00:22:16
================================================================================
[2026-04-26T00:22:50.030+0000] {manager.py:879} INFO - 
================================================================================
DAG File Processing Stats

File Path                        PID    Runtime      # DAGs    # Errors  Last Runtime    Last Run
-------------------------------  -----  ---------  --------  ----------  --------------  -------------------
/app/dags/olist_pipeline_dag.py                           1           0  0.31s           2026-04-26T00:22:50
================================================================================
[2026-04-26T00:23:21.701+0000] {manager.py:879} INFO - 
================================================================================
DAG File Processing Stats

File Path                        PID    Runtime      # DAGs    # Errors  Last Runtime    Last Run
-------------------------------  -----  ---------  --------  ----------  --------------  -------------------
/app/dags/olist_pipeline_dag.py                           1           0  0.41s           2026-04-26T00:23:21
================================================================================
[2026-04-26T00:23:53.495+0000] {manager.py:879} INFO - 
================================================================================
DAG File Processing Stats

File Path                        PID    Runtime      # DAGs    # Errors  Last Runtime    Last Run
-------------------------------  -----  ---------  --------  ----------  --------------  -------------------
/app/dags/olist_pipeline_dag.py                           1           0  0.41s           2026-04-26T00:23:53
================================================================================
[2026-04-26T00:24:24.161+0000] {manager.py:879} INFO - 
================================================================================
DAG File Processing Stats

File Path                        PID    Runtime      # DAGs    # Errors  Last Runtime    Last Run
-------------------------------  -----  ---------  --------  ----------  --------------  -------------------
/app/dags/olist_pipeline_dag.py                           1           0  0.51s           2026-04-26T00:24:24
================================================================================
[2026-04-26T00:24:55.596+0000] {manager.py:879} INFO - 
================================================================================
DAG File Processing Stats

File Path                        PID    Runtime      # DAGs    # Errors  Last Runtime    Last Run
-------------------------------  -----  ---------  --------  ----------  --------------  -------------------
/app/dags/olist_pipeline_dag.py                           1           0  0.51s           2026-04-26T00:24:55
================================================================================
[2026-04-26T00:25:24.990+0000] {manager.py:738} INFO - Searching for files in /app/dags
[2026-04-26T00:25:25.065+0000] {manager.py:741} INFO - There are 1 files in /app/dags
[2026-04-26T00:25:27.158+0000] {manager.py:879} INFO - 
================================================================================
DAG File Processing Stats

File Path                        PID    Runtime      # DAGs    # Errors  Last Runtime    Last Run
-------------------------------  -----  ---------  --------  ----------  --------------  -------------------
/app/dags/olist_pipeline_dag.py                           1           0  0.61s           2026-04-26T00:25:27
================================================================================
[2026-04-26T00:25:58.788+0000] {manager.py:879} INFO - 
================================================================================
DAG File Processing Stats

File Path                        PID    Runtime      # DAGs    # Errors  Last Runtime    Last Run
-------------------------------  -----  ---------  --------  ----------  --------------  -------------------
/app/dags/olist_pipeline_dag.py                           1           0  0.61s           2026-04-26T00:25:58
================================================================================
[2026-04-26T00:26:29.742+0000] {manager.py:879} INFO - 
================================================================================
DAG File Processing Stats

File Path                        PID    Runtime      # DAGs    # Errors  Last Runtime    Last Run
-------------------------------  -----  ---------  --------  ----------  --------------  -------------------
/app/dags/olist_pipeline_dag.py                           1           0  0.71s           2026-04-26T00:26:29
================================================================================
[2026-04-26T00:27:01.071+0000] {manager.py:879} INFO - 
================================================================================
DAG File Processing Stats

File Path                        PID    Runtime      # DAGs    # Errors  Last Runtime    Last Run
-------------------------------  -----  ---------  --------  ----------  --------------  -------------------
/app/dags/olist_pipeline_dag.py                           1           0  0.61s           2026-04-26T00:27:01
================================================================================
[2026-04-26T00:27:32.477+0000] {manager.py:879} INFO - 
================================================================================
DAG File Processing Stats

File Path                        PID    Runtime      # DAGs    # Errors  Last Runtime    Last Run
-------------------------------  -----  ---------  --------  ----------  --------------  -------------------
/app/dags/olist_pipeline_dag.py                           1           0  0.51s           2026-04-26T00:27:32
================================================================================
[2026-04-26T00:28:03.779+0000] {manager.py:879} INFO - 
================================================================================
DAG File Processing Stats

File Path                        PID    Runtime      # DAGs    # Errors  Last Runtime    Last Run
-------------------------------  -----  ---------  --------  ----------  --------------  -------------------
/app/dags/olist_pipeline_dag.py                           1           0  0.51s           2026-04-26T00:28:03
================================================================================
[2026-04-26T00:28:34.646+0000] {manager.py:879} INFO - 
================================================================================
DAG File Processing Stats

File Path                        PID    Runtime      # DAGs    # Errors  Last Runtime    Last Run
-------------------------------  -----  ---------  --------  ----------  --------------  -------------------
/app/dags/olist_pipeline_dag.py                           1           0  0.41s           2026-04-26T00:28:34
================================================================================
[2026-04-26T00:29:05.574+0000] {manager.py:879} INFO - 
================================================================================
DAG File Processing Stats

File Path                        PID    Runtime      # DAGs    # Errors  Last Runtime    Last Run
-------------------------------  -----  ---------  --------  ----------  --------------  -------------------
/app/dags/olist_pipeline_dag.py                           1           0  0.31s           2026-04-26T00:29:05
================================================================================
[2026-04-26T00:29:36.300+0000] {manager.py:879} INFO - 
================================================================================
DAG File Processing Stats

File Path                        PID    Runtime      # DAGs    # Errors  Last Runtime    Last Run
-------------------------------  -----  ---------  --------  ----------  --------------  -------------------
/app/dags/olist_pipeline_dag.py                           1           0  0.51s           2026-04-26T00:29:36
================================================================================
[2026-04-26T00:30:07.048+0000] {manager.py:879} INFO - 
================================================================================
DAG File Processing Stats

File Path                        PID    Runtime      # DAGs    # Errors  Last Runtime    Last Run
-------------------------------  -----  ---------  --------  ----------  --------------  -------------------
/app/dags/olist_pipeline_dag.py                           1           0  0.51s           2026-04-26T00:30:07
================================================================================
[2026-04-26T00:30:25.148+0000] {manager.py:738} INFO - Searching for files in /app/dags
[2026-04-26T00:30:25.211+0000] {manager.py:741} INFO - There are 1 files in /app/dags
[2026-04-26T00:30:38.623+0000] {manager.py:879} INFO - 
================================================================================
DAG File Processing Stats

File Path                        PID    Runtime      # DAGs    # Errors  Last Runtime    Last Run
-------------------------------  -----  ---------  --------  ----------  --------------  -------------------
/app/dags/olist_pipeline_dag.py                           1           0  0.41s           2026-04-26T00:30:38
================================================================================
[2026-04-26T00:31:09.318+0000] {manager.py:879} INFO - 
================================================================================
DAG File Processing Stats

File Path                        PID    Runtime      # DAGs    # Errors  Last Runtime    Last Run
-------------------------------  -----  ---------  --------  ----------  --------------  -------------------
/app/dags/olist_pipeline_dag.py                           1           0  0.51s           2026-04-26T00:31:09
================================================================================
[2026-04-26T00:31:46.236+0000] {manager.py:879} INFO - 
================================================================================
DAG File Processing Stats

File Path                        PID    Runtime      # DAGs    # Errors  Last Runtime    Last Run
-------------------------------  -----  ---------  --------  ----------  --------------  -------------------
/app/dags/olist_pipeline_dag.py                           1           0  0.51s           2026-04-26T00:31:46
================================================================================
[2026-04-26T00:32:35.717+0000] {manager.py:879} INFO - 
================================================================================
DAG File Processing Stats

File Path                        PID    Runtime      # DAGs    # Errors  Last Runtime    Last Run
-------------------------------  -----  ---------  --------  ----------  --------------  -------------------
/app/dags/olist_pipeline_dag.py                           1           0  0.61s           2026-04-26T00:32:35
================================================================================
[2026-04-26T00:33:11.231+0000] {manager.py:879} INFO - 
================================================================================
DAG File Processing Stats

File Path                        PID    Runtime      # DAGs    # Errors  Last Runtime    Last Run
-------------------------------  -----  ---------  --------  ----------  --------------  -------------------
/app/dags/olist_pipeline_dag.py                           1           0  0.41s           2026-04-26T00:33:11
================================================================================
[2026-04-26T00:33:41.981+0000] {manager.py:879} INFO - 
================================================================================
DAG File Processing Stats

File Path                        PID    Runtime      # DAGs    # Errors  Last Runtime    Last Run
-------------------------------  -----  ---------  --------  ----------  --------------  -------------------
/app/dags/olist_pipeline_dag.py                           1           0  0.51s           2026-04-26T00:33:41
================================================================================
[2026-04-26T00:34:13.315+0000] {manager.py:879} INFO - 
================================================================================
DAG File Processing Stats

File Path                        PID    Runtime      # DAGs    # Errors  Last Runtime    Last Run
-------------------------------  -----  ---------  --------  ----------  --------------  -------------------
/app/dags/olist_pipeline_dag.py                           1           0  0.51s           2026-04-26T00:34:13
================================================================================
