[2026-04-25T23:47:34.075+0000] {taskinstance.py:1956} INFO - Dependencies all met for dep_context=non-requeueable deps ti=<TaskInstance: olist_data_pipeline.s3_to_bronze manual__2026-04-25T23:47:16.124656+00:00 [queued]>
[2026-04-25T23:47:34.122+0000] {taskinstance.py:1956} INFO - Dependencies all met for dep_context=requeueable deps ti=<TaskInstance: olist_data_pipeline.s3_to_bronze manual__2026-04-25T23:47:16.124656+00:00 [queued]>
[2026-04-25T23:47:34.123+0000] {taskinstance.py:2170} INFO - Starting attempt 1 of 2
[2026-04-25T23:47:34.253+0000] {taskinstance.py:2191} INFO - Executing <Task(PythonOperator): s3_to_bronze> on 2026-04-25 23:47:16.124656+00:00
[2026-04-25T23:47:34.259+0000] {standard_task_runner.py:60} INFO - Started process 48 to run task
[2026-04-25T23:47:34.268+0000] {standard_task_runner.py:87} INFO - Running: ['airflow', 'tasks', 'run', 'olist_data_pipeline', 's3_to_bronze', 'manual__2026-04-25T23:47:16.124656+00:00', '--job-id', '3', '--raw', '--subdir', 'DAGS_FOLDER/olist_pipeline_dag.py', '--cfg-path', '/tmp/tmpxml7lp87']
[2026-04-25T23:47:34.272+0000] {standard_task_runner.py:88} INFO - Job 3: Subtask s3_to_bronze
[2026-04-25T23:47:34.565+0000] {task_command.py:423} INFO - Running <TaskInstance: olist_data_pipeline.s3_to_bronze manual__2026-04-25T23:47:16.124656+00:00 [running]> on host c24f832798f5
[2026-04-25T23:47:34.948+0000] {taskinstance.py:2480} INFO - Exporting env vars: AIRFLOW_CTX_DAG_OWNER='data-engineering' AIRFLOW_CTX_DAG_ID='olist_data_pipeline' AIRFLOW_CTX_TASK_ID='s3_to_bronze' AIRFLOW_CTX_EXECUTION_DATE='2026-04-25T23:47:16.124656+00:00' AIRFLOW_CTX_TRY_NUMBER='1' AIRFLOW_CTX_DAG_RUN_ID='manual__2026-04-25T23:47:16.124656+00:00'
[2026-04-25T23:47:38.690+0000] {taskinstance.py:2698} ERROR - Task failed with exception
Traceback (most recent call last):
  File "/usr/local/lib/python3.11/site-packages/airflow/models/taskinstance.py", line 433, in _execute_task
    result = execute_callable(context=context, **execute_callable_kwargs)
             ^^^^^^^^^^^^^^^^^^^^^^^^^^^^^^^^^^^^^^^^^^^^^^^^^^^^^^^^^^^^
  File "/usr/local/lib/python3.11/site-packages/airflow/operators/python.py", line 199, in execute
    return_value = self.execute_callable()
                   ^^^^^^^^^^^^^^^^^^^^^^^
  File "/usr/local/lib/python3.11/site-packages/airflow/operators/python.py", line 216, in execute_callable
    return self.python_callable(*self.op_args, **self.op_kwargs)
           ^^^^^^^^^^^^^^^^^^^^^^^^^^^^^^^^^^^^^^^^^^^^^^^^^^^^^
  File "/app/dags/olist_pipeline_dag.py", line 56, in run_s3_to_bronze
    raise Exception(f"s3_to_bronze failed: {result.stderr}")
Exception: s3_to_bronze failed: Traceback (most recent call last):
  File "/app/data_ingestion/s3_to_bronze.py", line 319, in <module>
    main()
  File "/app/data_ingestion/s3_to_bronze.py", line 303, in main
    load_table(
  File "/app/data_ingestion/s3_to_bronze.py", line 278, in load_table
    status      = result[1]
                  ~~~~~~^^^
IndexError: tuple index out of range

[2026-04-25T23:47:38.727+0000] {taskinstance.py:1138} INFO - Marking task as UP_FOR_RETRY. dag_id=olist_data_pipeline, task_id=s3_to_bronze, execution_date=20260425T234716, start_date=20260425T234734, end_date=20260425T234738
[2026-04-25T23:47:38.780+0000] {standard_task_runner.py:107} ERROR - Failed to execute job 3 for task s3_to_bronze (s3_to_bronze failed: Traceback (most recent call last):
  File "/app/data_ingestion/s3_to_bronze.py", line 319, in <module>
    main()
  File "/app/data_ingestion/s3_to_bronze.py", line 303, in main
    load_table(
  File "/app/data_ingestion/s3_to_bronze.py", line 278, in load_table
    status      = result[1]
                  ~~~~~~^^^
IndexError: tuple index out of range
; 48)
[2026-04-25T23:47:38.788+0000] {local_task_job_runner.py:234} INFO - Task exited with return code 1
[2026-04-25T23:47:38.830+0000] {taskinstance.py:3280} INFO - 0 downstream tasks scheduled from follow-on schedule check
