[2026-04-25T23:56:45.114+0000] {taskinstance.py:1956} INFO - Dependencies all met for dep_context=non-requeueable deps ti=<TaskInstance: olist_data_pipeline.stage_5_export_reporting.send_report manual__2026-04-25T23:52:09.405177+00:00 [queued]>
[2026-04-25T23:56:45.153+0000] {taskinstance.py:1956} INFO - Dependencies all met for dep_context=requeueable deps ti=<TaskInstance: olist_data_pipeline.stage_5_export_reporting.send_report manual__2026-04-25T23:52:09.405177+00:00 [queued]>
[2026-04-25T23:56:45.155+0000] {taskinstance.py:2170} INFO - Starting attempt 1 of 2
[2026-04-25T23:56:45.223+0000] {taskinstance.py:2191} INFO - Executing <Task(PythonOperator): stage_5_export_reporting.send_report> on 2026-04-25 23:52:09.405177+00:00
[2026-04-25T23:56:45.227+0000] {standard_task_runner.py:60} INFO - Started process 262 to run task
[2026-04-25T23:56:45.232+0000] {standard_task_runner.py:87} INFO - Running: ['airflow', 'tasks', 'run', 'olist_data_pipeline', 'stage_5_export_reporting.send_report', 'manual__2026-04-25T23:52:09.405177+00:00', '--job-id', '20', '--raw', '--subdir', 'DAGS_FOLDER/olist_pipeline_dag.py', '--cfg-path', '/tmp/tmpod_j2cis']
[2026-04-25T23:56:45.235+0000] {standard_task_runner.py:88} INFO - Job 20: Subtask stage_5_export_reporting.send_report
[2026-04-25T23:56:45.458+0000] {task_command.py:423} INFO - Running <TaskInstance: olist_data_pipeline.stage_5_export_reporting.send_report manual__2026-04-25T23:52:09.405177+00:00 [running]> on host c24f832798f5
[2026-04-25T23:56:45.770+0000] {taskinstance.py:2480} INFO - Exporting env vars: AIRFLOW_CTX_DAG_OWNER='data-engineering' AIRFLOW_CTX_DAG_ID='olist_data_pipeline' AIRFLOW_CTX_TASK_ID='stage_5_export_reporting.send_report' AIRFLOW_CTX_EXECUTION_DATE='2026-04-25T23:52:09.405177+00:00' AIRFLOW_CTX_TRY_NUMBER='1' AIRFLOW_CTX_DAG_RUN_ID='manual__2026-04-25T23:52:09.405177+00:00'
[2026-04-25T23:56:52.122+0000] {taskinstance.py:2698} ERROR - Task failed with exception
Traceback (most recent call last):
  File "/usr/local/lib/python3.11/site-packages/airflow/models/taskinstance.py", line 433, in _execute_task
    result = execute_callable(context=context, **execute_callable_kwargs)
             ^^^^^^^^^^^^^^^^^^^^^^^^^^^^^^^^^^^^^^^^^^^^^^^^^^^^^^^^^^^^
  File "/usr/local/lib/python3.11/site-packages/airflow/operators/python.py", line 199, in execute
    return_value = self.execute_callable()
                   ^^^^^^^^^^^^^^^^^^^^^^^
  File "/usr/local/lib/python3.11/site-packages/airflow/operators/python.py", line 216, in execute_callable
    return self.python_callable(*self.op_args, **self.op_kwargs)
           ^^^^^^^^^^^^^^^^^^^^^^^^^^^^^^^^^^^^^^^^^^^^^^^^^^^^^
  File "/app/dags/olist_pipeline_dag.py", line 134, in run_send_report
    raise Exception(f"send_report failed: {result.stderr}")
Exception: send_report failed: Traceback (most recent call last):
  File "/app/data_ingestion/send_report.py", line 379, in <module>
    main()
  File "/app/data_ingestion/send_report.py", line 371, in main
    send_email(html, report["run_time"])
  File "/app/data_ingestion/send_report.py", line 347, in send_email
    server.login(EMAIL_SENDER, EMAIL_PASSWORD)
  File "/usr/local/lib/python3.11/smtplib.py", line 750, in login
    raise last_exception
  File "/usr/local/lib/python3.11/smtplib.py", line 739, in login
    (code, resp) = self.auth(
                   ^^^^^^^^^^
  File "/usr/local/lib/python3.11/smtplib.py", line 662, in auth
    raise SMTPAuthenticationError(code, resp)
smtplib.SMTPAuthenticationError: (535, b'5.7.8 Username and Password not accepted. For more information, go to\n5.7.8  https://support.google.com/mail/?p=BadCredentials 6a1803df08f44-8b02ae92fc8sm218944416d6.40 - gsmtp')

[2026-04-25T23:56:52.162+0000] {taskinstance.py:1138} INFO - Marking task as UP_FOR_RETRY. dag_id=olist_data_pipeline, task_id=stage_5_export_reporting.send_report, execution_date=20260425T235209, start_date=20260425T235645, end_date=20260425T235652
[2026-04-25T23:56:52.253+0000] {standard_task_runner.py:107} ERROR - Failed to execute job 20 for task stage_5_export_reporting.send_report (send_report failed: Traceback (most recent call last):
  File "/app/data_ingestion/send_report.py", line 379, in <module>
    main()
  File "/app/data_ingestion/send_report.py", line 371, in main
    send_email(html, report["run_time"])
  File "/app/data_ingestion/send_report.py", line 347, in send_email
    server.login(EMAIL_SENDER, EMAIL_PASSWORD)
  File "/usr/local/lib/python3.11/smtplib.py", line 750, in login
    raise last_exception
  File "/usr/local/lib/python3.11/smtplib.py", line 739, in login
    (code, resp) = self.auth(
                   ^^^^^^^^^^
  File "/usr/local/lib/python3.11/smtplib.py", line 662, in auth
    raise SMTPAuthenticationError(code, resp)
smtplib.SMTPAuthenticationError: (535, b'5.7.8 Username and Password not accepted. For more information, go to\n5.7.8  https://support.google.com/mail/?p=BadCredentials 6a1803df08f44-8b02ae92fc8sm218944416d6.40 - gsmtp')
; 262)
[2026-04-25T23:56:52.261+0000] {local_task_job_runner.py:234} INFO - Task exited with return code 1
[2026-04-25T23:56:52.297+0000] {taskinstance.py:3280} INFO - 0 downstream tasks scheduled from follow-on schedule check
