[2026-04-26T00:00:08.070+0000] {processor.py:161} INFO - Started process (PID=410) to work on /app/dags/olist_pipeline_dag.py
[2026-04-26T00:00:08.072+0000] {processor.py:830} INFO - Processing file /app/dags/olist_pipeline_dag.py for tasks to queue
[2026-04-26T00:00:08.074+0000] {logging_mixin.py:188} INFO - [2026-04-26T00:00:08.073+0000] {dagbag.py:538} INFO - Filling up the DagBag from /app/dags/olist_pipeline_dag.py
[2026-04-26T00:00:08.126+0000] {processor.py:840} INFO - DAG(s) 'olist_data_pipeline' retrieved from /app/dags/olist_pipeline_dag.py
[2026-04-26T00:00:08.217+0000] {logging_mixin.py:188} INFO - [2026-04-26T00:00:08.217+0000] {dag.py:3036} INFO - Sync 1 DAGs
[2026-04-26T00:00:08.269+0000] {logging_mixin.py:188} INFO - [2026-04-26T00:00:08.268+0000] {dag.py:3823} INFO - Setting next_dagrun for olist_data_pipeline to 2026-04-25 02:00:00+00:00, run_after=2026-04-26 02:00:00+00:00
[2026-04-26T00:00:08.417+0000] {processor.py:183} INFO - Processing /app/dags/olist_pipeline_dag.py took 0.352 seconds
[2026-04-26T00:00:39.003+0000] {processor.py:161} INFO - Started process (PID=417) to work on /app/dags/olist_pipeline_dag.py
[2026-04-26T00:00:39.005+0000] {processor.py:830} INFO - Processing file /app/dags/olist_pipeline_dag.py for tasks to queue
[2026-04-26T00:00:39.006+0000] {logging_mixin.py:188} INFO - [2026-04-26T00:00:39.005+0000] {dagbag.py:538} INFO - Filling up the DagBag from /app/dags/olist_pipeline_dag.py
[2026-04-26T00:00:39.054+0000] {processor.py:840} INFO - DAG(s) 'olist_data_pipeline' retrieved from /app/dags/olist_pipeline_dag.py
[2026-04-26T00:00:39.120+0000] {logging_mixin.py:188} INFO - [2026-04-26T00:00:39.120+0000] {dag.py:3036} INFO - Sync 1 DAGs
[2026-04-26T00:00:39.194+0000] {logging_mixin.py:188} INFO - [2026-04-26T00:00:39.193+0000] {dag.py:3823} INFO - Setting next_dagrun for olist_data_pipeline to 2026-04-25 02:00:00+00:00, run_after=2026-04-26 02:00:00+00:00
[2026-04-26T00:00:39.347+0000] {processor.py:183} INFO - Processing /app/dags/olist_pipeline_dag.py took 0.351 seconds
[2026-04-26T00:01:10.521+0000] {processor.py:161} INFO - Started process (PID=430) to work on /app/dags/olist_pipeline_dag.py
[2026-04-26T00:01:10.522+0000] {processor.py:830} INFO - Processing file /app/dags/olist_pipeline_dag.py for tasks to queue
[2026-04-26T00:01:10.524+0000] {logging_mixin.py:188} INFO - [2026-04-26T00:01:10.523+0000] {dagbag.py:538} INFO - Filling up the DagBag from /app/dags/olist_pipeline_dag.py
[2026-04-26T00:01:10.571+0000] {processor.py:840} INFO - DAG(s) 'olist_data_pipeline' retrieved from /app/dags/olist_pipeline_dag.py
[2026-04-26T00:01:10.636+0000] {logging_mixin.py:188} INFO - [2026-04-26T00:01:10.636+0000] {dag.py:3036} INFO - Sync 1 DAGs
[2026-04-26T00:01:10.671+0000] {logging_mixin.py:188} INFO - [2026-04-26T00:01:10.671+0000] {dag.py:3823} INFO - Setting next_dagrun for olist_data_pipeline to 2026-04-25 02:00:00+00:00, run_after=2026-04-26 02:00:00+00:00
[2026-04-26T00:01:10.793+0000] {processor.py:183} INFO - Processing /app/dags/olist_pipeline_dag.py took 0.275 seconds
[2026-04-26T00:01:42.097+0000] {processor.py:161} INFO - Started process (PID=437) to work on /app/dags/olist_pipeline_dag.py
[2026-04-26T00:01:42.101+0000] {processor.py:830} INFO - Processing file /app/dags/olist_pipeline_dag.py for tasks to queue
[2026-04-26T00:01:42.107+0000] {logging_mixin.py:188} INFO - [2026-04-26T00:01:42.105+0000] {dagbag.py:538} INFO - Filling up the DagBag from /app/dags/olist_pipeline_dag.py
[2026-04-26T00:01:42.158+0000] {processor.py:840} INFO - DAG(s) 'olist_data_pipeline' retrieved from /app/dags/olist_pipeline_dag.py
[2026-04-26T00:01:42.219+0000] {logging_mixin.py:188} INFO - [2026-04-26T00:01:42.219+0000] {dag.py:3036} INFO - Sync 1 DAGs
[2026-04-26T00:01:42.255+0000] {logging_mixin.py:188} INFO - [2026-04-26T00:01:42.254+0000] {dag.py:3823} INFO - Setting next_dagrun for olist_data_pipeline to 2026-04-25 02:00:00+00:00, run_after=2026-04-26 02:00:00+00:00
[2026-04-26T00:01:42.371+0000] {processor.py:183} INFO - Processing /app/dags/olist_pipeline_dag.py took 0.280 seconds
[2026-04-26T00:02:16.228+0000] {processor.py:161} INFO - Started process (PID=467) to work on /app/dags/olist_pipeline_dag.py
[2026-04-26T00:02:16.231+0000] {processor.py:830} INFO - Processing file /app/dags/olist_pipeline_dag.py for tasks to queue
[2026-04-26T00:02:16.233+0000] {logging_mixin.py:188} INFO - [2026-04-26T00:02:16.233+0000] {dagbag.py:538} INFO - Filling up the DagBag from /app/dags/olist_pipeline_dag.py
[2026-04-26T00:02:16.291+0000] {processor.py:840} INFO - DAG(s) 'olist_data_pipeline' retrieved from /app/dags/olist_pipeline_dag.py
[2026-04-26T00:02:16.361+0000] {logging_mixin.py:188} INFO - [2026-04-26T00:02:16.361+0000] {dag.py:3036} INFO - Sync 1 DAGs
[2026-04-26T00:02:16.414+0000] {logging_mixin.py:188} INFO - [2026-04-26T00:02:16.414+0000] {dag.py:3823} INFO - Setting next_dagrun for olist_data_pipeline to 2026-04-25 02:00:00+00:00, run_after=2026-04-26 02:00:00+00:00
[2026-04-26T00:02:16.594+0000] {processor.py:183} INFO - Processing /app/dags/olist_pipeline_dag.py took 0.372 seconds
[2026-04-26T00:02:47.045+0000] {processor.py:161} INFO - Started process (PID=475) to work on /app/dags/olist_pipeline_dag.py
[2026-04-26T00:02:47.047+0000] {processor.py:830} INFO - Processing file /app/dags/olist_pipeline_dag.py for tasks to queue
[2026-04-26T00:02:47.048+0000] {logging_mixin.py:188} INFO - [2026-04-26T00:02:47.048+0000] {dagbag.py:538} INFO - Filling up the DagBag from /app/dags/olist_pipeline_dag.py
[2026-04-26T00:02:47.092+0000] {processor.py:840} INFO - DAG(s) 'olist_data_pipeline' retrieved from /app/dags/olist_pipeline_dag.py
[2026-04-26T00:02:47.148+0000] {logging_mixin.py:188} INFO - [2026-04-26T00:02:47.148+0000] {dag.py:3036} INFO - Sync 1 DAGs
[2026-04-26T00:02:47.182+0000] {logging_mixin.py:188} INFO - [2026-04-26T00:02:47.182+0000] {dag.py:3823} INFO - Setting next_dagrun for olist_data_pipeline to 2026-04-25 02:00:00+00:00, run_after=2026-04-26 02:00:00+00:00
[2026-04-26T00:02:47.340+0000] {processor.py:183} INFO - Processing /app/dags/olist_pipeline_dag.py took 0.300 seconds
[2026-04-26T00:03:18.287+0000] {processor.py:161} INFO - Started process (PID=506) to work on /app/dags/olist_pipeline_dag.py
[2026-04-26T00:03:18.288+0000] {processor.py:830} INFO - Processing file /app/dags/olist_pipeline_dag.py for tasks to queue
[2026-04-26T00:03:18.290+0000] {logging_mixin.py:188} INFO - [2026-04-26T00:03:18.290+0000] {dagbag.py:538} INFO - Filling up the DagBag from /app/dags/olist_pipeline_dag.py
[2026-04-26T00:03:18.342+0000] {processor.py:840} INFO - DAG(s) 'olist_data_pipeline' retrieved from /app/dags/olist_pipeline_dag.py
[2026-04-26T00:03:18.403+0000] {logging_mixin.py:188} INFO - [2026-04-26T00:03:18.402+0000] {dag.py:3036} INFO - Sync 1 DAGs
[2026-04-26T00:03:18.437+0000] {logging_mixin.py:188} INFO - [2026-04-26T00:03:18.437+0000] {dag.py:3823} INFO - Setting next_dagrun for olist_data_pipeline to 2026-04-25 02:00:00+00:00, run_after=2026-04-26 02:00:00+00:00
[2026-04-26T00:03:18.587+0000] {processor.py:183} INFO - Processing /app/dags/olist_pipeline_dag.py took 0.305 seconds
[2026-04-26T00:03:48.855+0000] {processor.py:161} INFO - Started process (PID=536) to work on /app/dags/olist_pipeline_dag.py
[2026-04-26T00:03:48.857+0000] {processor.py:830} INFO - Processing file /app/dags/olist_pipeline_dag.py for tasks to queue
[2026-04-26T00:03:48.860+0000] {logging_mixin.py:188} INFO - [2026-04-26T00:03:48.859+0000] {dagbag.py:538} INFO - Filling up the DagBag from /app/dags/olist_pipeline_dag.py
[2026-04-26T00:03:48.934+0000] {processor.py:840} INFO - DAG(s) 'olist_data_pipeline' retrieved from /app/dags/olist_pipeline_dag.py
[2026-04-26T00:03:49.013+0000] {logging_mixin.py:188} INFO - [2026-04-26T00:03:49.013+0000] {dag.py:3036} INFO - Sync 1 DAGs
[2026-04-26T00:03:49.072+0000] {logging_mixin.py:188} INFO - [2026-04-26T00:03:49.072+0000] {dag.py:3823} INFO - Setting next_dagrun for olist_data_pipeline to 2026-04-25 02:00:00+00:00, run_after=2026-04-26 02:00:00+00:00
[2026-04-26T00:03:49.264+0000] {processor.py:183} INFO - Processing /app/dags/olist_pipeline_dag.py took 0.416 seconds
[2026-04-26T00:04:20.533+0000] {processor.py:161} INFO - Started process (PID=543) to work on /app/dags/olist_pipeline_dag.py
[2026-04-26T00:04:20.535+0000] {processor.py:830} INFO - Processing file /app/dags/olist_pipeline_dag.py for tasks to queue
[2026-04-26T00:04:20.538+0000] {logging_mixin.py:188} INFO - [2026-04-26T00:04:20.537+0000] {dagbag.py:538} INFO - Filling up the DagBag from /app/dags/olist_pipeline_dag.py
[2026-04-26T00:04:20.602+0000] {processor.py:840} INFO - DAG(s) 'olist_data_pipeline' retrieved from /app/dags/olist_pipeline_dag.py
[2026-04-26T00:04:20.669+0000] {logging_mixin.py:188} INFO - [2026-04-26T00:04:20.669+0000] {dag.py:3036} INFO - Sync 1 DAGs
[2026-04-26T00:04:20.718+0000] {logging_mixin.py:188} INFO - [2026-04-26T00:04:20.718+0000] {dag.py:3823} INFO - Setting next_dagrun for olist_data_pipeline to 2026-04-25 02:00:00+00:00, run_after=2026-04-26 02:00:00+00:00
[2026-04-26T00:04:20.900+0000] {processor.py:183} INFO - Processing /app/dags/olist_pipeline_dag.py took 0.373 seconds
[2026-04-26T00:04:27.333+0000] {processor.py:161} INFO - Started process (PID=13) to work on /app/dags/olist_pipeline_dag.py
[2026-04-26T00:04:27.335+0000] {processor.py:830} INFO - Processing file /app/dags/olist_pipeline_dag.py for tasks to queue
[2026-04-26T00:04:27.336+0000] {logging_mixin.py:188} INFO - [2026-04-26T00:04:27.336+0000] {dagbag.py:538} INFO - Filling up the DagBag from /app/dags/olist_pipeline_dag.py
[2026-04-26T00:04:27.371+0000] {processor.py:840} INFO - DAG(s) 'olist_data_pipeline' retrieved from /app/dags/olist_pipeline_dag.py
[2026-04-26T00:04:27.415+0000] {logging_mixin.py:188} INFO - [2026-04-26T00:04:27.414+0000] {dag.py:3036} INFO - Sync 1 DAGs
[2026-04-26T00:04:27.447+0000] {logging_mixin.py:188} INFO - [2026-04-26T00:04:27.447+0000] {dag.py:3823} INFO - Setting next_dagrun for olist_data_pipeline to 2026-04-25 02:00:00+00:00, run_after=2026-04-26 02:00:00+00:00
[2026-04-26T00:04:27.578+0000] {processor.py:183} INFO - Processing /app/dags/olist_pipeline_dag.py took 0.248 seconds
[2026-04-26T00:04:58.626+0000] {processor.py:161} INFO - Started process (PID=20) to work on /app/dags/olist_pipeline_dag.py
[2026-04-26T00:04:58.628+0000] {processor.py:830} INFO - Processing file /app/dags/olist_pipeline_dag.py for tasks to queue
[2026-04-26T00:04:58.630+0000] {logging_mixin.py:188} INFO - [2026-04-26T00:04:58.629+0000] {dagbag.py:538} INFO - Filling up the DagBag from /app/dags/olist_pipeline_dag.py
[2026-04-26T00:04:58.672+0000] {processor.py:840} INFO - DAG(s) 'olist_data_pipeline' retrieved from /app/dags/olist_pipeline_dag.py
[2026-04-26T00:04:58.725+0000] {logging_mixin.py:188} INFO - [2026-04-26T00:04:58.725+0000] {dag.py:3036} INFO - Sync 1 DAGs
[2026-04-26T00:04:58.770+0000] {logging_mixin.py:188} INFO - [2026-04-26T00:04:58.770+0000] {dag.py:3823} INFO - Setting next_dagrun for olist_data_pipeline to 2026-04-25 02:00:00+00:00, run_after=2026-04-26 02:00:00+00:00
[2026-04-26T00:04:58.909+0000] {processor.py:183} INFO - Processing /app/dags/olist_pipeline_dag.py took 0.288 seconds
[2026-04-26T00:05:29.230+0000] {processor.py:161} INFO - Started process (PID=27) to work on /app/dags/olist_pipeline_dag.py
[2026-04-26T00:05:29.233+0000] {processor.py:830} INFO - Processing file /app/dags/olist_pipeline_dag.py for tasks to queue
[2026-04-26T00:05:29.235+0000] {logging_mixin.py:188} INFO - [2026-04-26T00:05:29.234+0000] {dagbag.py:538} INFO - Filling up the DagBag from /app/dags/olist_pipeline_dag.py
[2026-04-26T00:05:29.297+0000] {processor.py:840} INFO - DAG(s) 'olist_data_pipeline' retrieved from /app/dags/olist_pipeline_dag.py
[2026-04-26T00:05:29.353+0000] {logging_mixin.py:188} INFO - [2026-04-26T00:05:29.353+0000] {dag.py:3036} INFO - Sync 1 DAGs
[2026-04-26T00:05:29.408+0000] {logging_mixin.py:188} INFO - [2026-04-26T00:05:29.408+0000] {dag.py:3823} INFO - Setting next_dagrun for olist_data_pipeline to 2026-04-25 02:00:00+00:00, run_after=2026-04-26 02:00:00+00:00
[2026-04-26T00:05:29.537+0000] {processor.py:183} INFO - Processing /app/dags/olist_pipeline_dag.py took 0.313 seconds
[2026-04-26T00:06:23.629+0000] {processor.py:161} INFO - Started process (PID=71) to work on /app/dags/olist_pipeline_dag.py
[2026-04-26T00:06:23.632+0000] {processor.py:830} INFO - Processing file /app/dags/olist_pipeline_dag.py for tasks to queue
[2026-04-26T00:06:23.635+0000] {logging_mixin.py:188} INFO - [2026-04-26T00:06:23.634+0000] {dagbag.py:538} INFO - Filling up the DagBag from /app/dags/olist_pipeline_dag.py
[2026-04-26T00:06:23.714+0000] {processor.py:840} INFO - DAG(s) 'olist_data_pipeline' retrieved from /app/dags/olist_pipeline_dag.py
[2026-04-26T00:06:23.799+0000] {logging_mixin.py:188} INFO - [2026-04-26T00:06:23.799+0000] {dag.py:3036} INFO - Sync 1 DAGs
[2026-04-26T00:06:23.862+0000] {logging_mixin.py:188} INFO - [2026-04-26T00:06:23.862+0000] {dag.py:3823} INFO - Setting next_dagrun for olist_data_pipeline to 2026-04-25 02:00:00+00:00, run_after=2026-04-26 02:00:00+00:00
[2026-04-26T00:06:24.019+0000] {processor.py:183} INFO - Processing /app/dags/olist_pipeline_dag.py took 0.396 seconds
[2026-04-26T00:07:21.274+0000] {processor.py:161} INFO - Started process (PID=108) to work on /app/dags/olist_pipeline_dag.py
[2026-04-26T00:07:21.276+0000] {processor.py:830} INFO - Processing file /app/dags/olist_pipeline_dag.py for tasks to queue
[2026-04-26T00:07:21.278+0000] {logging_mixin.py:188} INFO - [2026-04-26T00:07:21.278+0000] {dagbag.py:538} INFO - Filling up the DagBag from /app/dags/olist_pipeline_dag.py
[2026-04-26T00:07:21.339+0000] {processor.py:840} INFO - DAG(s) 'olist_data_pipeline' retrieved from /app/dags/olist_pipeline_dag.py
[2026-04-26T00:07:21.410+0000] {logging_mixin.py:188} INFO - [2026-04-26T00:07:21.410+0000] {dag.py:3036} INFO - Sync 1 DAGs
[2026-04-26T00:07:21.465+0000] {logging_mixin.py:188} INFO - [2026-04-26T00:07:21.464+0000] {dag.py:3823} INFO - Setting next_dagrun for olist_data_pipeline to 2026-04-25 02:00:00+00:00, run_after=2026-04-26 02:00:00+00:00
[2026-04-26T00:07:21.623+0000] {processor.py:183} INFO - Processing /app/dags/olist_pipeline_dag.py took 0.353 seconds
[2026-04-26T00:07:58.811+0000] {processor.py:161} INFO - Started process (PID=156) to work on /app/dags/olist_pipeline_dag.py
[2026-04-26T00:07:58.814+0000] {processor.py:830} INFO - Processing file /app/dags/olist_pipeline_dag.py for tasks to queue
[2026-04-26T00:07:58.819+0000] {logging_mixin.py:188} INFO - [2026-04-26T00:07:58.818+0000] {dagbag.py:538} INFO - Filling up the DagBag from /app/dags/olist_pipeline_dag.py
[2026-04-26T00:07:58.906+0000] {processor.py:840} INFO - DAG(s) 'olist_data_pipeline' retrieved from /app/dags/olist_pipeline_dag.py
[2026-04-26T00:07:59.002+0000] {logging_mixin.py:188} INFO - [2026-04-26T00:07:59.001+0000] {dag.py:3036} INFO - Sync 1 DAGs
[2026-04-26T00:07:59.056+0000] {logging_mixin.py:188} INFO - [2026-04-26T00:07:59.056+0000] {dag.py:3823} INFO - Setting next_dagrun for olist_data_pipeline to 2026-04-25 02:00:00+00:00, run_after=2026-04-26 02:00:00+00:00
[2026-04-26T00:07:59.282+0000] {processor.py:183} INFO - Processing /app/dags/olist_pipeline_dag.py took 0.477 seconds
[2026-04-26T00:08:29.578+0000] {processor.py:161} INFO - Started process (PID=163) to work on /app/dags/olist_pipeline_dag.py
[2026-04-26T00:08:29.582+0000] {processor.py:830} INFO - Processing file /app/dags/olist_pipeline_dag.py for tasks to queue
[2026-04-26T00:08:29.584+0000] {logging_mixin.py:188} INFO - [2026-04-26T00:08:29.583+0000] {dagbag.py:538} INFO - Filling up the DagBag from /app/dags/olist_pipeline_dag.py
[2026-04-26T00:08:29.658+0000] {processor.py:840} INFO - DAG(s) 'olist_data_pipeline' retrieved from /app/dags/olist_pipeline_dag.py
[2026-04-26T00:08:29.743+0000] {logging_mixin.py:188} INFO - [2026-04-26T00:08:29.743+0000] {dag.py:3036} INFO - Sync 1 DAGs
[2026-04-26T00:08:29.805+0000] {logging_mixin.py:188} INFO - [2026-04-26T00:08:29.804+0000] {dag.py:3823} INFO - Setting next_dagrun for olist_data_pipeline to 2026-04-25 02:00:00+00:00, run_after=2026-04-26 02:00:00+00:00
[2026-04-26T00:08:29.944+0000] {processor.py:183} INFO - Processing /app/dags/olist_pipeline_dag.py took 0.375 seconds
[2026-04-26T00:09:00.992+0000] {processor.py:161} INFO - Started process (PID=170) to work on /app/dags/olist_pipeline_dag.py
[2026-04-26T00:09:00.995+0000] {processor.py:830} INFO - Processing file /app/dags/olist_pipeline_dag.py for tasks to queue
[2026-04-26T00:09:00.998+0000] {logging_mixin.py:188} INFO - [2026-04-26T00:09:00.997+0000] {dagbag.py:538} INFO - Filling up the DagBag from /app/dags/olist_pipeline_dag.py
[2026-04-26T00:09:01.073+0000] {processor.py:840} INFO - DAG(s) 'olist_data_pipeline' retrieved from /app/dags/olist_pipeline_dag.py
[2026-04-26T00:09:01.147+0000] {logging_mixin.py:188} INFO - [2026-04-26T00:09:01.146+0000] {dag.py:3036} INFO - Sync 1 DAGs
[2026-04-26T00:09:01.204+0000] {logging_mixin.py:188} INFO - [2026-04-26T00:09:01.204+0000] {dag.py:3823} INFO - Setting next_dagrun for olist_data_pipeline to 2026-04-25 02:00:00+00:00, run_after=2026-04-26 02:00:00+00:00
[2026-04-26T00:09:01.382+0000] {processor.py:183} INFO - Processing /app/dags/olist_pipeline_dag.py took 0.394 seconds
[2026-04-26T00:09:31.979+0000] {processor.py:161} INFO - Started process (PID=177) to work on /app/dags/olist_pipeline_dag.py
[2026-04-26T00:09:31.982+0000] {processor.py:830} INFO - Processing file /app/dags/olist_pipeline_dag.py for tasks to queue
[2026-04-26T00:09:31.984+0000] {logging_mixin.py:188} INFO - [2026-04-26T00:09:31.984+0000] {dagbag.py:538} INFO - Filling up the DagBag from /app/dags/olist_pipeline_dag.py
[2026-04-26T00:09:32.074+0000] {processor.py:840} INFO - DAG(s) 'olist_data_pipeline' retrieved from /app/dags/olist_pipeline_dag.py
[2026-04-26T00:09:32.150+0000] {logging_mixin.py:188} INFO - [2026-04-26T00:09:32.150+0000] {dag.py:3036} INFO - Sync 1 DAGs
[2026-04-26T00:09:32.198+0000] {logging_mixin.py:188} INFO - [2026-04-26T00:09:32.198+0000] {dag.py:3823} INFO - Setting next_dagrun for olist_data_pipeline to 2026-04-25 02:00:00+00:00, run_after=2026-04-26 02:00:00+00:00
[2026-04-26T00:09:32.512+0000] {processor.py:183} INFO - Processing /app/dags/olist_pipeline_dag.py took 0.538 seconds
[2026-04-26T00:10:03.795+0000] {processor.py:161} INFO - Started process (PID=184) to work on /app/dags/olist_pipeline_dag.py
[2026-04-26T00:10:03.797+0000] {processor.py:830} INFO - Processing file /app/dags/olist_pipeline_dag.py for tasks to queue
[2026-04-26T00:10:03.799+0000] {logging_mixin.py:188} INFO - [2026-04-26T00:10:03.798+0000] {dagbag.py:538} INFO - Filling up the DagBag from /app/dags/olist_pipeline_dag.py
[2026-04-26T00:10:03.850+0000] {processor.py:840} INFO - DAG(s) 'olist_data_pipeline' retrieved from /app/dags/olist_pipeline_dag.py
[2026-04-26T00:10:03.900+0000] {logging_mixin.py:188} INFO - [2026-04-26T00:10:03.900+0000] {dag.py:3036} INFO - Sync 1 DAGs
[2026-04-26T00:10:04.106+0000] {logging_mixin.py:188} INFO - [2026-04-26T00:10:04.105+0000] {dag.py:3823} INFO - Setting next_dagrun for olist_data_pipeline to 2026-04-25 02:00:00+00:00, run_after=2026-04-26 02:00:00+00:00
[2026-04-26T00:10:04.254+0000] {processor.py:183} INFO - Processing /app/dags/olist_pipeline_dag.py took 0.466 seconds
[2026-04-26T00:10:34.635+0000] {processor.py:161} INFO - Started process (PID=192) to work on /app/dags/olist_pipeline_dag.py
[2026-04-26T00:10:34.637+0000] {processor.py:830} INFO - Processing file /app/dags/olist_pipeline_dag.py for tasks to queue
[2026-04-26T00:10:34.639+0000] {logging_mixin.py:188} INFO - [2026-04-26T00:10:34.639+0000] {dagbag.py:538} INFO - Filling up the DagBag from /app/dags/olist_pipeline_dag.py
[2026-04-26T00:10:34.730+0000] {processor.py:840} INFO - DAG(s) 'olist_data_pipeline' retrieved from /app/dags/olist_pipeline_dag.py
[2026-04-26T00:10:34.813+0000] {logging_mixin.py:188} INFO - [2026-04-26T00:10:34.812+0000] {dag.py:3036} INFO - Sync 1 DAGs
[2026-04-26T00:10:35.003+0000] {logging_mixin.py:188} INFO - [2026-04-26T00:10:35.003+0000] {dag.py:3823} INFO - Setting next_dagrun for olist_data_pipeline to 2026-04-25 02:00:00+00:00, run_after=2026-04-26 02:00:00+00:00
[2026-04-26T00:10:35.177+0000] {processor.py:183} INFO - Processing /app/dags/olist_pipeline_dag.py took 0.548 seconds
[2026-04-26T00:11:01.430+0000] {processor.py:161} INFO - Started process (PID=14) to work on /app/dags/olist_pipeline_dag.py
[2026-04-26T00:11:01.432+0000] {processor.py:830} INFO - Processing file /app/dags/olist_pipeline_dag.py for tasks to queue
[2026-04-26T00:11:01.433+0000] {logging_mixin.py:188} INFO - [2026-04-26T00:11:01.432+0000] {dagbag.py:538} INFO - Filling up the DagBag from /app/dags/olist_pipeline_dag.py
[2026-04-26T00:11:01.474+0000] {processor.py:840} INFO - DAG(s) 'olist_data_pipeline' retrieved from /app/dags/olist_pipeline_dag.py
[2026-04-26T00:11:01.522+0000] {logging_mixin.py:188} INFO - [2026-04-26T00:11:01.522+0000] {dag.py:3036} INFO - Sync 1 DAGs
[2026-04-26T00:11:01.575+0000] {logging_mixin.py:188} INFO - [2026-04-26T00:11:01.575+0000] {dag.py:3823} INFO - Setting next_dagrun for olist_data_pipeline to 2026-04-25 02:00:00+00:00, run_after=2026-04-26 02:00:00+00:00
[2026-04-26T00:11:01.717+0000] {processor.py:183} INFO - Processing /app/dags/olist_pipeline_dag.py took 0.290 seconds
[2026-04-26T00:11:46.212+0000] {processor.py:161} INFO - Started process (PID=33) to work on /app/dags/olist_pipeline_dag.py
[2026-04-26T00:11:46.215+0000] {processor.py:830} INFO - Processing file /app/dags/olist_pipeline_dag.py for tasks to queue
[2026-04-26T00:11:46.216+0000] {logging_mixin.py:188} INFO - [2026-04-26T00:11:46.216+0000] {dagbag.py:538} INFO - Filling up the DagBag from /app/dags/olist_pipeline_dag.py
[2026-04-26T00:11:46.279+0000] {processor.py:840} INFO - DAG(s) 'olist_data_pipeline' retrieved from /app/dags/olist_pipeline_dag.py
[2026-04-26T00:11:46.343+0000] {logging_mixin.py:188} INFO - [2026-04-26T00:11:46.342+0000] {dag.py:3036} INFO - Sync 1 DAGs
[2026-04-26T00:11:46.393+0000] {logging_mixin.py:188} INFO - [2026-04-26T00:11:46.392+0000] {dag.py:3823} INFO - Setting next_dagrun for olist_data_pipeline to 2026-04-25 02:00:00+00:00, run_after=2026-04-26 02:00:00+00:00
[2026-04-26T00:11:46.566+0000] {processor.py:183} INFO - Processing /app/dags/olist_pipeline_dag.py took 0.357 seconds
[2026-04-26T00:12:32.857+0000] {processor.py:161} INFO - Started process (PID=82) to work on /app/dags/olist_pipeline_dag.py
[2026-04-26T00:12:32.859+0000] {processor.py:830} INFO - Processing file /app/dags/olist_pipeline_dag.py for tasks to queue
[2026-04-26T00:12:32.861+0000] {logging_mixin.py:188} INFO - [2026-04-26T00:12:32.861+0000] {dagbag.py:538} INFO - Filling up the DagBag from /app/dags/olist_pipeline_dag.py
[2026-04-26T00:12:32.926+0000] {processor.py:840} INFO - DAG(s) 'olist_data_pipeline' retrieved from /app/dags/olist_pipeline_dag.py
[2026-04-26T00:12:32.994+0000] {logging_mixin.py:188} INFO - [2026-04-26T00:12:32.994+0000] {dag.py:3036} INFO - Sync 1 DAGs
[2026-04-26T00:12:33.052+0000] {logging_mixin.py:188} INFO - [2026-04-26T00:12:33.052+0000] {dag.py:3823} INFO - Setting next_dagrun for olist_data_pipeline to 2026-04-25 02:00:00+00:00, run_after=2026-04-26 02:00:00+00:00
[2026-04-26T00:12:33.237+0000] {processor.py:183} INFO - Processing /app/dags/olist_pipeline_dag.py took 0.385 seconds
[2026-04-26T00:13:04.377+0000] {processor.py:161} INFO - Started process (PID=101) to work on /app/dags/olist_pipeline_dag.py
[2026-04-26T00:13:04.379+0000] {processor.py:830} INFO - Processing file /app/dags/olist_pipeline_dag.py for tasks to queue
[2026-04-26T00:13:04.382+0000] {logging_mixin.py:188} INFO - [2026-04-26T00:13:04.380+0000] {dagbag.py:538} INFO - Filling up the DagBag from /app/dags/olist_pipeline_dag.py
[2026-04-26T00:13:04.441+0000] {processor.py:840} INFO - DAG(s) 'olist_data_pipeline' retrieved from /app/dags/olist_pipeline_dag.py
[2026-04-26T00:13:04.508+0000] {logging_mixin.py:188} INFO - [2026-04-26T00:13:04.508+0000] {dag.py:3036} INFO - Sync 1 DAGs
[2026-04-26T00:13:04.565+0000] {logging_mixin.py:188} INFO - [2026-04-26T00:13:04.565+0000] {dag.py:3823} INFO - Setting next_dagrun for olist_data_pipeline to 2026-04-25 02:00:00+00:00, run_after=2026-04-26 02:00:00+00:00
[2026-04-26T00:13:04.757+0000] {processor.py:183} INFO - Processing /app/dags/olist_pipeline_dag.py took 0.386 seconds
[2026-04-26T00:13:54.695+0000] {processor.py:161} INFO - Started process (PID=167) to work on /app/dags/olist_pipeline_dag.py
[2026-04-26T00:13:54.698+0000] {processor.py:830} INFO - Processing file /app/dags/olist_pipeline_dag.py for tasks to queue
[2026-04-26T00:13:54.700+0000] {logging_mixin.py:188} INFO - [2026-04-26T00:13:54.699+0000] {dagbag.py:538} INFO - Filling up the DagBag from /app/dags/olist_pipeline_dag.py
[2026-04-26T00:13:54.761+0000] {processor.py:840} INFO - DAG(s) 'olist_data_pipeline' retrieved from /app/dags/olist_pipeline_dag.py
[2026-04-26T00:13:54.826+0000] {logging_mixin.py:188} INFO - [2026-04-26T00:13:54.826+0000] {dag.py:3036} INFO - Sync 1 DAGs
[2026-04-26T00:13:54.881+0000] {logging_mixin.py:188} INFO - [2026-04-26T00:13:54.880+0000] {dag.py:3823} INFO - Setting next_dagrun for olist_data_pipeline to 2026-04-25 02:00:00+00:00, run_after=2026-04-26 02:00:00+00:00
[2026-04-26T00:13:55.027+0000] {processor.py:183} INFO - Processing /app/dags/olist_pipeline_dag.py took 0.337 seconds
[2026-04-26T00:14:25.393+0000] {processor.py:161} INFO - Started process (PID=174) to work on /app/dags/olist_pipeline_dag.py
[2026-04-26T00:14:25.395+0000] {processor.py:830} INFO - Processing file /app/dags/olist_pipeline_dag.py for tasks to queue
[2026-04-26T00:14:25.397+0000] {logging_mixin.py:188} INFO - [2026-04-26T00:14:25.396+0000] {dagbag.py:538} INFO - Filling up the DagBag from /app/dags/olist_pipeline_dag.py
[2026-04-26T00:14:25.457+0000] {processor.py:840} INFO - DAG(s) 'olist_data_pipeline' retrieved from /app/dags/olist_pipeline_dag.py
[2026-04-26T00:14:25.525+0000] {logging_mixin.py:188} INFO - [2026-04-26T00:14:25.525+0000] {dag.py:3036} INFO - Sync 1 DAGs
[2026-04-26T00:14:25.569+0000] {logging_mixin.py:188} INFO - [2026-04-26T00:14:25.569+0000] {dag.py:3823} INFO - Setting next_dagrun for olist_data_pipeline to 2026-04-25 02:00:00+00:00, run_after=2026-04-26 02:00:00+00:00
[2026-04-26T00:14:25.745+0000] {processor.py:183} INFO - Processing /app/dags/olist_pipeline_dag.py took 0.357 seconds
[2026-04-26T00:14:56.838+0000] {processor.py:161} INFO - Started process (PID=180) to work on /app/dags/olist_pipeline_dag.py
[2026-04-26T00:14:56.840+0000] {processor.py:830} INFO - Processing file /app/dags/olist_pipeline_dag.py for tasks to queue
[2026-04-26T00:14:56.842+0000] {logging_mixin.py:188} INFO - [2026-04-26T00:14:56.842+0000] {dagbag.py:538} INFO - Filling up the DagBag from /app/dags/olist_pipeline_dag.py
[2026-04-26T00:14:56.909+0000] {processor.py:840} INFO - DAG(s) 'olist_data_pipeline' retrieved from /app/dags/olist_pipeline_dag.py
[2026-04-26T00:14:56.981+0000] {logging_mixin.py:188} INFO - [2026-04-26T00:14:56.981+0000] {dag.py:3036} INFO - Sync 1 DAGs
[2026-04-26T00:14:57.036+0000] {logging_mixin.py:188} INFO - [2026-04-26T00:14:57.036+0000] {dag.py:3823} INFO - Setting next_dagrun for olist_data_pipeline to 2026-04-25 02:00:00+00:00, run_after=2026-04-26 02:00:00+00:00
[2026-04-26T00:14:57.210+0000] {processor.py:183} INFO - Processing /app/dags/olist_pipeline_dag.py took 0.379 seconds
[2026-04-26T00:15:28.568+0000] {processor.py:161} INFO - Started process (PID=187) to work on /app/dags/olist_pipeline_dag.py
[2026-04-26T00:15:28.570+0000] {processor.py:830} INFO - Processing file /app/dags/olist_pipeline_dag.py for tasks to queue
[2026-04-26T00:15:28.573+0000] {logging_mixin.py:188} INFO - [2026-04-26T00:15:28.572+0000] {dagbag.py:538} INFO - Filling up the DagBag from /app/dags/olist_pipeline_dag.py
[2026-04-26T00:15:28.645+0000] {processor.py:840} INFO - DAG(s) 'olist_data_pipeline' retrieved from /app/dags/olist_pipeline_dag.py
[2026-04-26T00:15:28.715+0000] {logging_mixin.py:188} INFO - [2026-04-26T00:15:28.715+0000] {dag.py:3036} INFO - Sync 1 DAGs
[2026-04-26T00:15:28.769+0000] {logging_mixin.py:188} INFO - [2026-04-26T00:15:28.769+0000] {dag.py:3823} INFO - Setting next_dagrun for olist_data_pipeline to 2026-04-25 02:00:00+00:00, run_after=2026-04-26 02:00:00+00:00
[2026-04-26T00:15:28.921+0000] {processor.py:183} INFO - Processing /app/dags/olist_pipeline_dag.py took 0.359 seconds
[2026-04-26T00:16:00.161+0000] {processor.py:161} INFO - Started process (PID=200) to work on /app/dags/olist_pipeline_dag.py
[2026-04-26T00:16:00.164+0000] {processor.py:830} INFO - Processing file /app/dags/olist_pipeline_dag.py for tasks to queue
[2026-04-26T00:16:00.166+0000] {logging_mixin.py:188} INFO - [2026-04-26T00:16:00.165+0000] {dagbag.py:538} INFO - Filling up the DagBag from /app/dags/olist_pipeline_dag.py
[2026-04-26T00:16:00.231+0000] {processor.py:840} INFO - DAG(s) 'olist_data_pipeline' retrieved from /app/dags/olist_pipeline_dag.py
[2026-04-26T00:16:00.312+0000] {logging_mixin.py:188} INFO - [2026-04-26T00:16:00.311+0000] {dag.py:3036} INFO - Sync 1 DAGs
[2026-04-26T00:16:00.352+0000] {logging_mixin.py:188} INFO - [2026-04-26T00:16:00.351+0000] {dag.py:3823} INFO - Setting next_dagrun for olist_data_pipeline to 2026-04-25 02:00:00+00:00, run_after=2026-04-26 02:00:00+00:00
[2026-04-26T00:16:00.716+0000] {processor.py:183} INFO - Processing /app/dags/olist_pipeline_dag.py took 0.560 seconds
[2026-04-26T00:16:30.852+0000] {processor.py:161} INFO - Started process (PID=208) to work on /app/dags/olist_pipeline_dag.py
[2026-04-26T00:16:30.854+0000] {processor.py:830} INFO - Processing file /app/dags/olist_pipeline_dag.py for tasks to queue
[2026-04-26T00:16:30.856+0000] {logging_mixin.py:188} INFO - [2026-04-26T00:16:30.855+0000] {dagbag.py:538} INFO - Filling up the DagBag from /app/dags/olist_pipeline_dag.py
[2026-04-26T00:16:30.939+0000] {processor.py:840} INFO - DAG(s) 'olist_data_pipeline' retrieved from /app/dags/olist_pipeline_dag.py
[2026-04-26T00:16:31.018+0000] {logging_mixin.py:188} INFO - [2026-04-26T00:16:31.017+0000] {dag.py:3036} INFO - Sync 1 DAGs
[2026-04-26T00:16:31.247+0000] {logging_mixin.py:188} INFO - [2026-04-26T00:16:31.246+0000] {dag.py:3823} INFO - Setting next_dagrun for olist_data_pipeline to 2026-04-25 02:00:00+00:00, run_after=2026-04-26 02:00:00+00:00
[2026-04-26T00:16:31.455+0000] {processor.py:183} INFO - Processing /app/dags/olist_pipeline_dag.py took 0.608 seconds
[2026-04-26T00:17:01.995+0000] {processor.py:161} INFO - Started process (PID=215) to work on /app/dags/olist_pipeline_dag.py
[2026-04-26T00:17:01.997+0000] {processor.py:830} INFO - Processing file /app/dags/olist_pipeline_dag.py for tasks to queue
[2026-04-26T00:17:01.999+0000] {logging_mixin.py:188} INFO - [2026-04-26T00:17:01.999+0000] {dagbag.py:538} INFO - Filling up the DagBag from /app/dags/olist_pipeline_dag.py
[2026-04-26T00:17:02.071+0000] {processor.py:840} INFO - DAG(s) 'olist_data_pipeline' retrieved from /app/dags/olist_pipeline_dag.py
[2026-04-26T00:17:02.146+0000] {logging_mixin.py:188} INFO - [2026-04-26T00:17:02.145+0000] {dag.py:3036} INFO - Sync 1 DAGs
[2026-04-26T00:17:02.404+0000] {logging_mixin.py:188} INFO - [2026-04-26T00:17:02.404+0000] {dag.py:3823} INFO - Setting next_dagrun for olist_data_pipeline to 2026-04-25 02:00:00+00:00, run_after=2026-04-26 02:00:00+00:00
[2026-04-26T00:17:02.563+0000] {processor.py:183} INFO - Processing /app/dags/olist_pipeline_dag.py took 0.574 seconds
[2026-04-26T00:17:33.433+0000] {processor.py:161} INFO - Started process (PID=222) to work on /app/dags/olist_pipeline_dag.py
[2026-04-26T00:17:33.435+0000] {processor.py:830} INFO - Processing file /app/dags/olist_pipeline_dag.py for tasks to queue
[2026-04-26T00:17:33.436+0000] {logging_mixin.py:188} INFO - [2026-04-26T00:17:33.435+0000] {dagbag.py:538} INFO - Filling up the DagBag from /app/dags/olist_pipeline_dag.py
[2026-04-26T00:17:33.476+0000] {processor.py:840} INFO - DAG(s) 'olist_data_pipeline' retrieved from /app/dags/olist_pipeline_dag.py
[2026-04-26T00:17:33.648+0000] {logging_mixin.py:188} INFO - [2026-04-26T00:17:33.648+0000] {dag.py:3036} INFO - Sync 1 DAGs
[2026-04-26T00:17:33.688+0000] {logging_mixin.py:188} INFO - [2026-04-26T00:17:33.688+0000] {dag.py:3823} INFO - Setting next_dagrun for olist_data_pipeline to 2026-04-25 02:00:00+00:00, run_after=2026-04-26 02:00:00+00:00
[2026-04-26T00:17:33.872+0000] {processor.py:183} INFO - Processing /app/dags/olist_pipeline_dag.py took 0.442 seconds
[2026-04-26T00:18:04.609+0000] {processor.py:161} INFO - Started process (PID=229) to work on /app/dags/olist_pipeline_dag.py
[2026-04-26T00:18:04.612+0000] {processor.py:830} INFO - Processing file /app/dags/olist_pipeline_dag.py for tasks to queue
[2026-04-26T00:18:04.614+0000] {logging_mixin.py:188} INFO - [2026-04-26T00:18:04.613+0000] {dagbag.py:538} INFO - Filling up the DagBag from /app/dags/olist_pipeline_dag.py
[2026-04-26T00:18:04.825+0000] {processor.py:840} INFO - DAG(s) 'olist_data_pipeline' retrieved from /app/dags/olist_pipeline_dag.py
[2026-04-26T00:18:04.883+0000] {logging_mixin.py:188} INFO - [2026-04-26T00:18:04.883+0000] {dag.py:3036} INFO - Sync 1 DAGs
[2026-04-26T00:18:04.931+0000] {logging_mixin.py:188} INFO - [2026-04-26T00:18:04.931+0000] {dag.py:3823} INFO - Setting next_dagrun for olist_data_pipeline to 2026-04-25 02:00:00+00:00, run_after=2026-04-26 02:00:00+00:00
[2026-04-26T00:18:05.107+0000] {processor.py:183} INFO - Processing /app/dags/olist_pipeline_dag.py took 0.502 seconds
[2026-04-26T00:18:35.991+0000] {processor.py:161} INFO - Started process (PID=237) to work on /app/dags/olist_pipeline_dag.py
[2026-04-26T00:18:35.993+0000] {processor.py:830} INFO - Processing file /app/dags/olist_pipeline_dag.py for tasks to queue
[2026-04-26T00:18:35.996+0000] {logging_mixin.py:188} INFO - [2026-04-26T00:18:35.995+0000] {dagbag.py:538} INFO - Filling up the DagBag from /app/dags/olist_pipeline_dag.py
[2026-04-26T00:18:36.073+0000] {processor.py:840} INFO - DAG(s) 'olist_data_pipeline' retrieved from /app/dags/olist_pipeline_dag.py
[2026-04-26T00:18:36.152+0000] {logging_mixin.py:188} INFO - [2026-04-26T00:18:36.152+0000] {dag.py:3036} INFO - Sync 1 DAGs
[2026-04-26T00:18:36.210+0000] {logging_mixin.py:188} INFO - [2026-04-26T00:18:36.210+0000] {dag.py:3823} INFO - Setting next_dagrun for olist_data_pipeline to 2026-04-25 02:00:00+00:00, run_after=2026-04-26 02:00:00+00:00
[2026-04-26T00:18:36.384+0000] {processor.py:183} INFO - Processing /app/dags/olist_pipeline_dag.py took 0.403 seconds
[2026-04-26T00:19:07.115+0000] {processor.py:161} INFO - Started process (PID=268) to work on /app/dags/olist_pipeline_dag.py
[2026-04-26T00:19:07.120+0000] {processor.py:830} INFO - Processing file /app/dags/olist_pipeline_dag.py for tasks to queue
[2026-04-26T00:19:07.122+0000] {logging_mixin.py:188} INFO - [2026-04-26T00:19:07.122+0000] {dagbag.py:538} INFO - Filling up the DagBag from /app/dags/olist_pipeline_dag.py
[2026-04-26T00:19:07.195+0000] {processor.py:840} INFO - DAG(s) 'olist_data_pipeline' retrieved from /app/dags/olist_pipeline_dag.py
[2026-04-26T00:19:07.262+0000] {logging_mixin.py:188} INFO - [2026-04-26T00:19:07.261+0000] {dag.py:3036} INFO - Sync 1 DAGs
[2026-04-26T00:19:07.315+0000] {logging_mixin.py:188} INFO - [2026-04-26T00:19:07.314+0000] {dag.py:3823} INFO - Setting next_dagrun for olist_data_pipeline to 2026-04-25 02:00:00+00:00, run_after=2026-04-26 02:00:00+00:00
[2026-04-26T00:19:07.496+0000] {processor.py:183} INFO - Processing /app/dags/olist_pipeline_dag.py took 0.388 seconds
[2026-04-26T00:19:16.926+0000] {processor.py:161} INFO - Started process (PID=269) to work on /app/dags/olist_pipeline_dag.py
[2026-04-26T00:19:16.927+0000] {processor.py:830} INFO - Processing file /app/dags/olist_pipeline_dag.py for tasks to queue
[2026-04-26T00:19:16.929+0000] {logging_mixin.py:188} INFO - [2026-04-26T00:19:16.928+0000] {dagbag.py:538} INFO - Filling up the DagBag from /app/dags/olist_pipeline_dag.py
[2026-04-26T00:19:17.022+0000] {processor.py:840} INFO - DAG(s) 'olist_data_pipeline' retrieved from /app/dags/olist_pipeline_dag.py
[2026-04-26T00:19:17.208+0000] {logging_mixin.py:188} INFO - [2026-04-26T00:19:17.208+0000] {dag.py:3036} INFO - Sync 1 DAGs
[2026-04-26T00:19:17.255+0000] {logging_mixin.py:188} INFO - [2026-04-26T00:19:17.255+0000] {dag.py:3823} INFO - Setting next_dagrun for olist_data_pipeline to 2026-04-25 02:00:00+00:00, run_after=2026-04-26 02:00:00+00:00
[2026-04-26T00:19:17.417+0000] {processor.py:183} INFO - Processing /app/dags/olist_pipeline_dag.py took 0.495 seconds
[2026-04-26T00:19:24.420+0000] {processor.py:161} INFO - Started process (PID=270) to work on /app/dags/olist_pipeline_dag.py
[2026-04-26T00:19:24.422+0000] {processor.py:830} INFO - Processing file /app/dags/olist_pipeline_dag.py for tasks to queue
[2026-04-26T00:19:24.424+0000] {logging_mixin.py:188} INFO - [2026-04-26T00:19:24.423+0000] {dagbag.py:538} INFO - Filling up the DagBag from /app/dags/olist_pipeline_dag.py
[2026-04-26T00:19:24.501+0000] {processor.py:840} INFO - DAG(s) 'olist_data_pipeline' retrieved from /app/dags/olist_pipeline_dag.py
[2026-04-26T00:19:24.536+0000] {logging_mixin.py:188} INFO - [2026-04-26T00:19:24.536+0000] {dag.py:3036} INFO - Sync 1 DAGs
[2026-04-26T00:19:24.577+0000] {logging_mixin.py:188} INFO - [2026-04-26T00:19:24.577+0000] {dag.py:3823} INFO - Setting next_dagrun for olist_data_pipeline to 2026-04-25 02:00:00+00:00, run_after=2026-04-26 02:00:00+00:00
[2026-04-26T00:19:24.737+0000] {processor.py:183} INFO - Processing /app/dags/olist_pipeline_dag.py took 0.321 seconds
[2026-04-26T00:19:55.625+0000] {processor.py:161} INFO - Started process (PID=277) to work on /app/dags/olist_pipeline_dag.py
[2026-04-26T00:19:55.628+0000] {processor.py:830} INFO - Processing file /app/dags/olist_pipeline_dag.py for tasks to queue
[2026-04-26T00:19:55.631+0000] {logging_mixin.py:188} INFO - [2026-04-26T00:19:55.630+0000] {dagbag.py:538} INFO - Filling up the DagBag from /app/dags/olist_pipeline_dag.py
[2026-04-26T00:19:55.712+0000] {processor.py:840} INFO - DAG(s) 'olist_data_pipeline' retrieved from /app/dags/olist_pipeline_dag.py
[2026-04-26T00:19:55.793+0000] {logging_mixin.py:188} INFO - [2026-04-26T00:19:55.792+0000] {dag.py:3036} INFO - Sync 1 DAGs
[2026-04-26T00:19:55.869+0000] {logging_mixin.py:188} INFO - [2026-04-26T00:19:55.869+0000] {dag.py:3823} INFO - Setting next_dagrun for olist_data_pipeline to 2026-04-25 02:00:00+00:00, run_after=2026-04-26 02:00:00+00:00
[2026-04-26T00:19:56.071+0000] {processor.py:183} INFO - Processing /app/dags/olist_pipeline_dag.py took 0.452 seconds
[2026-04-26T00:20:25.328+0000] {processor.py:161} INFO - Started process (PID=13) to work on /app/dags/olist_pipeline_dag.py
[2026-04-26T00:20:25.330+0000] {processor.py:830} INFO - Processing file /app/dags/olist_pipeline_dag.py for tasks to queue
[2026-04-26T00:20:25.332+0000] {logging_mixin.py:188} INFO - [2026-04-26T00:20:25.331+0000] {dagbag.py:538} INFO - Filling up the DagBag from /app/dags/olist_pipeline_dag.py
[2026-04-26T00:20:25.370+0000] {processor.py:840} INFO - DAG(s) 'olist_data_pipeline' retrieved from /app/dags/olist_pipeline_dag.py
[2026-04-26T00:20:25.420+0000] {logging_mixin.py:188} INFO - [2026-04-26T00:20:25.419+0000] {dag.py:3036} INFO - Sync 1 DAGs
[2026-04-26T00:20:25.464+0000] {logging_mixin.py:188} INFO - [2026-04-26T00:20:25.464+0000] {dag.py:3823} INFO - Setting next_dagrun for olist_data_pipeline to 2026-04-25 02:00:00+00:00, run_after=2026-04-26 02:00:00+00:00
[2026-04-26T00:20:25.588+0000] {processor.py:183} INFO - Processing /app/dags/olist_pipeline_dag.py took 0.264 seconds
[2026-04-26T00:20:56.525+0000] {processor.py:161} INFO - Started process (PID=20) to work on /app/dags/olist_pipeline_dag.py
[2026-04-26T00:20:56.534+0000] {processor.py:830} INFO - Processing file /app/dags/olist_pipeline_dag.py for tasks to queue
[2026-04-26T00:20:56.538+0000] {logging_mixin.py:188} INFO - [2026-04-26T00:20:56.536+0000] {dagbag.py:538} INFO - Filling up the DagBag from /app/dags/olist_pipeline_dag.py
[2026-04-26T00:20:56.607+0000] {processor.py:840} INFO - DAG(s) 'olist_data_pipeline' retrieved from /app/dags/olist_pipeline_dag.py
[2026-04-26T00:20:56.665+0000] {logging_mixin.py:188} INFO - [2026-04-26T00:20:56.664+0000] {dag.py:3036} INFO - Sync 1 DAGs
[2026-04-26T00:20:56.711+0000] {logging_mixin.py:188} INFO - [2026-04-26T00:20:56.710+0000] {dag.py:3823} INFO - Setting next_dagrun for olist_data_pipeline to 2026-04-25 02:00:00+00:00, run_after=2026-04-26 02:00:00+00:00
[2026-04-26T00:20:56.882+0000] {processor.py:183} INFO - Processing /app/dags/olist_pipeline_dag.py took 0.365 seconds
[2026-04-26T00:21:28.144+0000] {processor.py:161} INFO - Started process (PID=39) to work on /app/dags/olist_pipeline_dag.py
[2026-04-26T00:21:28.147+0000] {processor.py:830} INFO - Processing file /app/dags/olist_pipeline_dag.py for tasks to queue
[2026-04-26T00:21:28.150+0000] {logging_mixin.py:188} INFO - [2026-04-26T00:21:28.149+0000] {dagbag.py:538} INFO - Filling up the DagBag from /app/dags/olist_pipeline_dag.py
[2026-04-26T00:21:28.221+0000] {processor.py:840} INFO - DAG(s) 'olist_data_pipeline' retrieved from /app/dags/olist_pipeline_dag.py
[2026-04-26T00:21:28.305+0000] {logging_mixin.py:188} INFO - [2026-04-26T00:21:28.304+0000] {dag.py:3036} INFO - Sync 1 DAGs
[2026-04-26T00:21:28.368+0000] {logging_mixin.py:188} INFO - [2026-04-26T00:21:28.368+0000] {dag.py:3823} INFO - Setting next_dagrun for olist_data_pipeline to 2026-04-25 02:00:00+00:00, run_after=2026-04-26 02:00:00+00:00
[2026-04-26T00:21:28.536+0000] {processor.py:183} INFO - Processing /app/dags/olist_pipeline_dag.py took 0.399 seconds
[2026-04-26T00:22:16.223+0000] {processor.py:161} INFO - Started process (PID=82) to work on /app/dags/olist_pipeline_dag.py
[2026-04-26T00:22:16.225+0000] {processor.py:830} INFO - Processing file /app/dags/olist_pipeline_dag.py for tasks to queue
[2026-04-26T00:22:16.227+0000] {logging_mixin.py:188} INFO - [2026-04-26T00:22:16.226+0000] {dagbag.py:538} INFO - Filling up the DagBag from /app/dags/olist_pipeline_dag.py
[2026-04-26T00:22:16.291+0000] {processor.py:840} INFO - DAG(s) 'olist_data_pipeline' retrieved from /app/dags/olist_pipeline_dag.py
[2026-04-26T00:22:16.362+0000] {logging_mixin.py:188} INFO - [2026-04-26T00:22:16.362+0000] {dag.py:3036} INFO - Sync 1 DAGs
[2026-04-26T00:22:16.421+0000] {logging_mixin.py:188} INFO - [2026-04-26T00:22:16.420+0000] {dag.py:3823} INFO - Setting next_dagrun for olist_data_pipeline to 2026-04-25 02:00:00+00:00, run_after=2026-04-26 02:00:00+00:00
[2026-04-26T00:22:16.575+0000] {processor.py:183} INFO - Processing /app/dags/olist_pipeline_dag.py took 0.358 seconds
[2026-04-26T00:22:49.754+0000] {processor.py:161} INFO - Started process (PID=102) to work on /app/dags/olist_pipeline_dag.py
[2026-04-26T00:22:49.756+0000] {processor.py:830} INFO - Processing file /app/dags/olist_pipeline_dag.py for tasks to queue
[2026-04-26T00:22:49.758+0000] {logging_mixin.py:188} INFO - [2026-04-26T00:22:49.757+0000] {dagbag.py:538} INFO - Filling up the DagBag from /app/dags/olist_pipeline_dag.py
[2026-04-26T00:22:49.802+0000] {processor.py:840} INFO - DAG(s) 'olist_data_pipeline' retrieved from /app/dags/olist_pipeline_dag.py
[2026-04-26T00:22:49.843+0000] {logging_mixin.py:188} INFO - [2026-04-26T00:22:49.843+0000] {dag.py:3036} INFO - Sync 1 DAGs
[2026-04-26T00:22:49.874+0000] {logging_mixin.py:188} INFO - [2026-04-26T00:22:49.874+0000] {dag.py:3823} INFO - Setting next_dagrun for olist_data_pipeline to 2026-04-25 02:00:00+00:00, run_after=2026-04-26 02:00:00+00:00
[2026-04-26T00:22:50.019+0000] {processor.py:183} INFO - Processing /app/dags/olist_pipeline_dag.py took 0.267 seconds
[2026-04-26T00:23:21.334+0000] {processor.py:161} INFO - Started process (PID=121) to work on /app/dags/olist_pipeline_dag.py
[2026-04-26T00:23:21.337+0000] {processor.py:830} INFO - Processing file /app/dags/olist_pipeline_dag.py for tasks to queue
[2026-04-26T00:23:21.340+0000] {logging_mixin.py:188} INFO - [2026-04-26T00:23:21.339+0000] {dagbag.py:538} INFO - Filling up the DagBag from /app/dags/olist_pipeline_dag.py
[2026-04-26T00:23:21.403+0000] {processor.py:840} INFO - DAG(s) 'olist_data_pipeline' retrieved from /app/dags/olist_pipeline_dag.py
[2026-04-26T00:23:21.465+0000] {logging_mixin.py:188} INFO - [2026-04-26T00:23:21.465+0000] {dag.py:3036} INFO - Sync 1 DAGs
[2026-04-26T00:23:21.514+0000] {logging_mixin.py:188} INFO - [2026-04-26T00:23:21.514+0000] {dag.py:3823} INFO - Setting next_dagrun for olist_data_pipeline to 2026-04-25 02:00:00+00:00, run_after=2026-04-26 02:00:00+00:00
[2026-04-26T00:23:21.691+0000] {processor.py:183} INFO - Processing /app/dags/olist_pipeline_dag.py took 0.363 seconds
[2026-04-26T00:23:53.136+0000] {processor.py:161} INFO - Started process (PID=128) to work on /app/dags/olist_pipeline_dag.py
[2026-04-26T00:23:53.139+0000] {processor.py:830} INFO - Processing file /app/dags/olist_pipeline_dag.py for tasks to queue
[2026-04-26T00:23:53.141+0000] {logging_mixin.py:188} INFO - [2026-04-26T00:23:53.140+0000] {dagbag.py:538} INFO - Filling up the DagBag from /app/dags/olist_pipeline_dag.py
[2026-04-26T00:23:53.192+0000] {processor.py:840} INFO - DAG(s) 'olist_data_pipeline' retrieved from /app/dags/olist_pipeline_dag.py
[2026-04-26T00:23:53.255+0000] {logging_mixin.py:188} INFO - [2026-04-26T00:23:53.254+0000] {dag.py:3036} INFO - Sync 1 DAGs
[2026-04-26T00:23:53.298+0000] {logging_mixin.py:188} INFO - [2026-04-26T00:23:53.297+0000] {dag.py:3823} INFO - Setting next_dagrun for olist_data_pipeline to 2026-04-25 02:00:00+00:00, run_after=2026-04-26 02:00:00+00:00
[2026-04-26T00:23:53.413+0000] {processor.py:183} INFO - Processing /app/dags/olist_pipeline_dag.py took 0.283 seconds
[2026-04-26T00:24:23.705+0000] {processor.py:161} INFO - Started process (PID=141) to work on /app/dags/olist_pipeline_dag.py
[2026-04-26T00:24:23.708+0000] {processor.py:830} INFO - Processing file /app/dags/olist_pipeline_dag.py for tasks to queue
[2026-04-26T00:24:23.709+0000] {logging_mixin.py:188} INFO - [2026-04-26T00:24:23.709+0000] {dagbag.py:538} INFO - Filling up the DagBag from /app/dags/olist_pipeline_dag.py
[2026-04-26T00:24:23.764+0000] {processor.py:840} INFO - DAG(s) 'olist_data_pipeline' retrieved from /app/dags/olist_pipeline_dag.py
[2026-04-26T00:24:23.816+0000] {logging_mixin.py:188} INFO - [2026-04-26T00:24:23.815+0000] {dag.py:3036} INFO - Sync 1 DAGs
[2026-04-26T00:24:23.866+0000] {logging_mixin.py:188} INFO - [2026-04-26T00:24:23.865+0000] {dag.py:3823} INFO - Setting next_dagrun for olist_data_pipeline to 2026-04-25 02:00:00+00:00, run_after=2026-04-26 02:00:00+00:00
[2026-04-26T00:24:24.063+0000] {processor.py:183} INFO - Processing /app/dags/olist_pipeline_dag.py took 0.363 seconds
[2026-04-26T00:24:55.143+0000] {processor.py:161} INFO - Started process (PID=148) to work on /app/dags/olist_pipeline_dag.py
[2026-04-26T00:24:55.146+0000] {processor.py:830} INFO - Processing file /app/dags/olist_pipeline_dag.py for tasks to queue
[2026-04-26T00:24:55.149+0000] {logging_mixin.py:188} INFO - [2026-04-26T00:24:55.148+0000] {dagbag.py:538} INFO - Filling up the DagBag from /app/dags/olist_pipeline_dag.py
[2026-04-26T00:24:55.221+0000] {processor.py:840} INFO - DAG(s) 'olist_data_pipeline' retrieved from /app/dags/olist_pipeline_dag.py
[2026-04-26T00:24:55.296+0000] {logging_mixin.py:188} INFO - [2026-04-26T00:24:55.295+0000] {dag.py:3036} INFO - Sync 1 DAGs
[2026-04-26T00:24:55.354+0000] {logging_mixin.py:188} INFO - [2026-04-26T00:24:55.354+0000] {dag.py:3823} INFO - Setting next_dagrun for olist_data_pipeline to 2026-04-25 02:00:00+00:00, run_after=2026-04-26 02:00:00+00:00
[2026-04-26T00:24:55.534+0000] {processor.py:183} INFO - Processing /app/dags/olist_pipeline_dag.py took 0.397 seconds
[2026-04-26T00:25:26.605+0000] {processor.py:161} INFO - Started process (PID=155) to work on /app/dags/olist_pipeline_dag.py
[2026-04-26T00:25:26.608+0000] {processor.py:830} INFO - Processing file /app/dags/olist_pipeline_dag.py for tasks to queue
[2026-04-26T00:25:26.612+0000] {logging_mixin.py:188} INFO - [2026-04-26T00:25:26.611+0000] {dagbag.py:538} INFO - Filling up the DagBag from /app/dags/olist_pipeline_dag.py
[2026-04-26T00:25:26.662+0000] {processor.py:840} INFO - DAG(s) 'olist_data_pipeline' retrieved from /app/dags/olist_pipeline_dag.py
[2026-04-26T00:25:26.710+0000] {logging_mixin.py:188} INFO - [2026-04-26T00:25:26.709+0000] {dag.py:3036} INFO - Sync 1 DAGs
[2026-04-26T00:25:26.754+0000] {logging_mixin.py:188} INFO - [2026-04-26T00:25:26.754+0000] {dag.py:3823} INFO - Setting next_dagrun for olist_data_pipeline to 2026-04-25 02:00:00+00:00, run_after=2026-04-26 02:00:00+00:00
[2026-04-26T00:25:27.078+0000] {processor.py:183} INFO - Processing /app/dags/olist_pipeline_dag.py took 0.481 seconds
[2026-04-26T00:25:58.212+0000] {processor.py:161} INFO - Started process (PID=163) to work on /app/dags/olist_pipeline_dag.py
[2026-04-26T00:25:58.213+0000] {processor.py:830} INFO - Processing file /app/dags/olist_pipeline_dag.py for tasks to queue
[2026-04-26T00:25:58.218+0000] {logging_mixin.py:188} INFO - [2026-04-26T00:25:58.217+0000] {dagbag.py:538} INFO - Filling up the DagBag from /app/dags/olist_pipeline_dag.py
[2026-04-26T00:25:58.271+0000] {processor.py:840} INFO - DAG(s) 'olist_data_pipeline' retrieved from /app/dags/olist_pipeline_dag.py
[2026-04-26T00:25:58.334+0000] {logging_mixin.py:188} INFO - [2026-04-26T00:25:58.334+0000] {dag.py:3036} INFO - Sync 1 DAGs
[2026-04-26T00:25:58.543+0000] {logging_mixin.py:188} INFO - [2026-04-26T00:25:58.543+0000] {dag.py:3823} INFO - Setting next_dagrun for olist_data_pipeline to 2026-04-25 02:00:00+00:00, run_after=2026-04-26 02:00:00+00:00
[2026-04-26T00:25:58.692+0000] {processor.py:183} INFO - Processing /app/dags/olist_pipeline_dag.py took 0.483 seconds
[2026-04-26T00:26:29.087+0000] {processor.py:161} INFO - Started process (PID=170) to work on /app/dags/olist_pipeline_dag.py
[2026-04-26T00:26:29.089+0000] {processor.py:830} INFO - Processing file /app/dags/olist_pipeline_dag.py for tasks to queue
[2026-04-26T00:26:29.092+0000] {logging_mixin.py:188} INFO - [2026-04-26T00:26:29.091+0000] {dagbag.py:538} INFO - Filling up the DagBag from /app/dags/olist_pipeline_dag.py
[2026-04-26T00:26:29.159+0000] {processor.py:840} INFO - DAG(s) 'olist_data_pipeline' retrieved from /app/dags/olist_pipeline_dag.py
[2026-04-26T00:26:29.404+0000] {logging_mixin.py:188} INFO - [2026-04-26T00:26:29.404+0000] {dag.py:3036} INFO - Sync 1 DAGs
[2026-04-26T00:26:29.456+0000] {logging_mixin.py:188} INFO - [2026-04-26T00:26:29.455+0000] {dag.py:3823} INFO - Setting next_dagrun for olist_data_pipeline to 2026-04-25 02:00:00+00:00, run_after=2026-04-26 02:00:00+00:00
[2026-04-26T00:26:29.642+0000] {processor.py:183} INFO - Processing /app/dags/olist_pipeline_dag.py took 0.560 seconds
[2026-04-26T00:27:00.514+0000] {processor.py:161} INFO - Started process (PID=178) to work on /app/dags/olist_pipeline_dag.py
[2026-04-26T00:27:00.518+0000] {processor.py:830} INFO - Processing file /app/dags/olist_pipeline_dag.py for tasks to queue
[2026-04-26T00:27:00.521+0000] {logging_mixin.py:188} INFO - [2026-04-26T00:27:00.520+0000] {dagbag.py:538} INFO - Filling up the DagBag from /app/dags/olist_pipeline_dag.py
[2026-04-26T00:27:00.595+0000] {processor.py:840} INFO - DAG(s) 'olist_data_pipeline' retrieved from /app/dags/olist_pipeline_dag.py
[2026-04-26T00:27:00.847+0000] {logging_mixin.py:188} INFO - [2026-04-26T00:27:00.847+0000] {dag.py:3036} INFO - Sync 1 DAGs
[2026-04-26T00:27:00.895+0000] {logging_mixin.py:188} INFO - [2026-04-26T00:27:00.895+0000] {dag.py:3823} INFO - Setting next_dagrun for olist_data_pipeline to 2026-04-25 02:00:00+00:00, run_after=2026-04-26 02:00:00+00:00
[2026-04-26T00:27:01.033+0000] {processor.py:183} INFO - Processing /app/dags/olist_pipeline_dag.py took 0.527 seconds
[2026-04-26T00:27:32.016+0000] {processor.py:161} INFO - Started process (PID=185) to work on /app/dags/olist_pipeline_dag.py
[2026-04-26T00:27:32.019+0000] {processor.py:830} INFO - Processing file /app/dags/olist_pipeline_dag.py for tasks to queue
[2026-04-26T00:27:32.022+0000] {logging_mixin.py:188} INFO - [2026-04-26T00:27:32.021+0000] {dagbag.py:538} INFO - Filling up the DagBag from /app/dags/olist_pipeline_dag.py
[2026-04-26T00:27:32.087+0000] {processor.py:840} INFO - DAG(s) 'olist_data_pipeline' retrieved from /app/dags/olist_pipeline_dag.py
[2026-04-26T00:27:32.153+0000] {logging_mixin.py:188} INFO - [2026-04-26T00:27:32.153+0000] {dag.py:3036} INFO - Sync 1 DAGs
[2026-04-26T00:27:32.210+0000] {logging_mixin.py:188} INFO - [2026-04-26T00:27:32.209+0000] {dag.py:3823} INFO - Setting next_dagrun for olist_data_pipeline to 2026-04-25 02:00:00+00:00, run_after=2026-04-26 02:00:00+00:00
[2026-04-26T00:27:32.384+0000] {processor.py:183} INFO - Processing /app/dags/olist_pipeline_dag.py took 0.376 seconds
[2026-04-26T00:28:03.320+0000] {processor.py:161} INFO - Started process (PID=192) to work on /app/dags/olist_pipeline_dag.py
[2026-04-26T00:28:03.322+0000] {processor.py:830} INFO - Processing file /app/dags/olist_pipeline_dag.py for tasks to queue
[2026-04-26T00:28:03.324+0000] {logging_mixin.py:188} INFO - [2026-04-26T00:28:03.324+0000] {dagbag.py:538} INFO - Filling up the DagBag from /app/dags/olist_pipeline_dag.py
[2026-04-26T00:28:03.401+0000] {processor.py:840} INFO - DAG(s) 'olist_data_pipeline' retrieved from /app/dags/olist_pipeline_dag.py
[2026-04-26T00:28:03.488+0000] {logging_mixin.py:188} INFO - [2026-04-26T00:28:03.488+0000] {dag.py:3036} INFO - Sync 1 DAGs
[2026-04-26T00:28:03.545+0000] {logging_mixin.py:188} INFO - [2026-04-26T00:28:03.544+0000] {dag.py:3823} INFO - Setting next_dagrun for olist_data_pipeline to 2026-04-25 02:00:00+00:00, run_after=2026-04-26 02:00:00+00:00
[2026-04-26T00:28:03.700+0000] {processor.py:183} INFO - Processing /app/dags/olist_pipeline_dag.py took 0.386 seconds
[2026-04-26T00:28:34.278+0000] {processor.py:161} INFO - Started process (PID=199) to work on /app/dags/olist_pipeline_dag.py
[2026-04-26T00:28:34.279+0000] {processor.py:830} INFO - Processing file /app/dags/olist_pipeline_dag.py for tasks to queue
[2026-04-26T00:28:34.281+0000] {logging_mixin.py:188} INFO - [2026-04-26T00:28:34.280+0000] {dagbag.py:538} INFO - Filling up the DagBag from /app/dags/olist_pipeline_dag.py
[2026-04-26T00:28:34.338+0000] {processor.py:840} INFO - DAG(s) 'olist_data_pipeline' retrieved from /app/dags/olist_pipeline_dag.py
[2026-04-26T00:28:34.411+0000] {logging_mixin.py:188} INFO - [2026-04-26T00:28:34.410+0000] {dag.py:3036} INFO - Sync 1 DAGs
[2026-04-26T00:28:34.464+0000] {logging_mixin.py:188} INFO - [2026-04-26T00:28:34.463+0000] {dag.py:3823} INFO - Setting next_dagrun for olist_data_pipeline to 2026-04-25 02:00:00+00:00, run_after=2026-04-26 02:00:00+00:00
[2026-04-26T00:28:34.632+0000] {processor.py:183} INFO - Processing /app/dags/olist_pipeline_dag.py took 0.361 seconds
[2026-04-26T00:29:05.292+0000] {processor.py:161} INFO - Started process (PID=207) to work on /app/dags/olist_pipeline_dag.py
[2026-04-26T00:29:05.294+0000] {processor.py:830} INFO - Processing file /app/dags/olist_pipeline_dag.py for tasks to queue
[2026-04-26T00:29:05.295+0000] {logging_mixin.py:188} INFO - [2026-04-26T00:29:05.294+0000] {dagbag.py:538} INFO - Filling up the DagBag from /app/dags/olist_pipeline_dag.py
[2026-04-26T00:29:05.333+0000] {processor.py:840} INFO - DAG(s) 'olist_data_pipeline' retrieved from /app/dags/olist_pipeline_dag.py
[2026-04-26T00:29:05.375+0000] {logging_mixin.py:188} INFO - [2026-04-26T00:29:05.375+0000] {dag.py:3036} INFO - Sync 1 DAGs
[2026-04-26T00:29:05.416+0000] {logging_mixin.py:188} INFO - [2026-04-26T00:29:05.416+0000] {dag.py:3823} INFO - Setting next_dagrun for olist_data_pipeline to 2026-04-25 02:00:00+00:00, run_after=2026-04-26 02:00:00+00:00
[2026-04-26T00:29:05.550+0000] {processor.py:183} INFO - Processing /app/dags/olist_pipeline_dag.py took 0.261 seconds
[2026-04-26T00:29:35.854+0000] {processor.py:161} INFO - Started process (PID=214) to work on /app/dags/olist_pipeline_dag.py
[2026-04-26T00:29:35.856+0000] {processor.py:830} INFO - Processing file /app/dags/olist_pipeline_dag.py for tasks to queue
[2026-04-26T00:29:35.858+0000] {logging_mixin.py:188} INFO - [2026-04-26T00:29:35.857+0000] {dagbag.py:538} INFO - Filling up the DagBag from /app/dags/olist_pipeline_dag.py
[2026-04-26T00:29:35.946+0000] {processor.py:840} INFO - DAG(s) 'olist_data_pipeline' retrieved from /app/dags/olist_pipeline_dag.py
[2026-04-26T00:29:36.029+0000] {logging_mixin.py:188} INFO - [2026-04-26T00:29:36.029+0000] {dag.py:3036} INFO - Sync 1 DAGs
[2026-04-26T00:29:36.092+0000] {logging_mixin.py:188} INFO - [2026-04-26T00:29:36.092+0000] {dag.py:3823} INFO - Setting next_dagrun for olist_data_pipeline to 2026-04-25 02:00:00+00:00, run_after=2026-04-26 02:00:00+00:00
[2026-04-26T00:29:36.241+0000] {processor.py:183} INFO - Processing /app/dags/olist_pipeline_dag.py took 0.393 seconds
[2026-04-26T00:30:06.596+0000] {processor.py:161} INFO - Started process (PID=221) to work on /app/dags/olist_pipeline_dag.py
[2026-04-26T00:30:06.599+0000] {processor.py:830} INFO - Processing file /app/dags/olist_pipeline_dag.py for tasks to queue
[2026-04-26T00:30:06.601+0000] {logging_mixin.py:188} INFO - [2026-04-26T00:30:06.601+0000] {dagbag.py:538} INFO - Filling up the DagBag from /app/dags/olist_pipeline_dag.py
[2026-04-26T00:30:06.679+0000] {processor.py:840} INFO - DAG(s) 'olist_data_pipeline' retrieved from /app/dags/olist_pipeline_dag.py
[2026-04-26T00:30:06.747+0000] {logging_mixin.py:188} INFO - [2026-04-26T00:30:06.747+0000] {dag.py:3036} INFO - Sync 1 DAGs
[2026-04-26T00:30:06.799+0000] {logging_mixin.py:188} INFO - [2026-04-26T00:30:06.799+0000] {dag.py:3823} INFO - Setting next_dagrun for olist_data_pipeline to 2026-04-25 02:00:00+00:00, run_after=2026-04-26 02:00:00+00:00
[2026-04-26T00:30:06.965+0000] {processor.py:183} INFO - Processing /app/dags/olist_pipeline_dag.py took 0.374 seconds
[2026-04-26T00:30:38.262+0000] {processor.py:161} INFO - Started process (PID=228) to work on /app/dags/olist_pipeline_dag.py
[2026-04-26T00:30:38.265+0000] {processor.py:830} INFO - Processing file /app/dags/olist_pipeline_dag.py for tasks to queue
[2026-04-26T00:30:38.267+0000] {logging_mixin.py:188} INFO - [2026-04-26T00:30:38.267+0000] {dagbag.py:538} INFO - Filling up the DagBag from /app/dags/olist_pipeline_dag.py
[2026-04-26T00:30:38.335+0000] {processor.py:840} INFO - DAG(s) 'olist_data_pipeline' retrieved from /app/dags/olist_pipeline_dag.py
[2026-04-26T00:30:38.408+0000] {logging_mixin.py:188} INFO - [2026-04-26T00:30:38.408+0000] {dag.py:3036} INFO - Sync 1 DAGs
[2026-04-26T00:30:38.460+0000] {logging_mixin.py:188} INFO - [2026-04-26T00:30:38.459+0000] {dag.py:3823} INFO - Setting next_dagrun for olist_data_pipeline to 2026-04-25 02:00:00+00:00, run_after=2026-04-26 02:00:00+00:00
[2026-04-26T00:30:38.612+0000] {processor.py:183} INFO - Processing /app/dags/olist_pipeline_dag.py took 0.354 seconds
[2026-04-26T00:31:08.850+0000] {processor.py:161} INFO - Started process (PID=235) to work on /app/dags/olist_pipeline_dag.py
[2026-04-26T00:31:08.852+0000] {processor.py:830} INFO - Processing file /app/dags/olist_pipeline_dag.py for tasks to queue
[2026-04-26T00:31:08.854+0000] {logging_mixin.py:188} INFO - [2026-04-26T00:31:08.854+0000] {dagbag.py:538} INFO - Filling up the DagBag from /app/dags/olist_pipeline_dag.py
[2026-04-26T00:31:08.915+0000] {processor.py:840} INFO - DAG(s) 'olist_data_pipeline' retrieved from /app/dags/olist_pipeline_dag.py
[2026-04-26T00:31:08.989+0000] {logging_mixin.py:188} INFO - [2026-04-26T00:31:08.989+0000] {dag.py:3036} INFO - Sync 1 DAGs
[2026-04-26T00:31:09.050+0000] {logging_mixin.py:188} INFO - [2026-04-26T00:31:09.050+0000] {dag.py:3823} INFO - Setting next_dagrun for olist_data_pipeline to 2026-04-25 02:00:00+00:00, run_after=2026-04-26 02:00:00+00:00
[2026-04-26T00:31:09.244+0000] {processor.py:183} INFO - Processing /app/dags/olist_pipeline_dag.py took 0.401 seconds
[2026-04-26T00:31:45.775+0000] {processor.py:161} INFO - Started process (PID=254) to work on /app/dags/olist_pipeline_dag.py
[2026-04-26T00:31:45.777+0000] {processor.py:830} INFO - Processing file /app/dags/olist_pipeline_dag.py for tasks to queue
[2026-04-26T00:31:45.780+0000] {logging_mixin.py:188} INFO - [2026-04-26T00:31:45.779+0000] {dagbag.py:538} INFO - Filling up the DagBag from /app/dags/olist_pipeline_dag.py
[2026-04-26T00:31:45.848+0000] {processor.py:840} INFO - DAG(s) 'olist_data_pipeline' retrieved from /app/dags/olist_pipeline_dag.py
[2026-04-26T00:31:45.920+0000] {logging_mixin.py:188} INFO - [2026-04-26T00:31:45.920+0000] {dag.py:3036} INFO - Sync 1 DAGs
[2026-04-26T00:31:45.979+0000] {logging_mixin.py:188} INFO - [2026-04-26T00:31:45.979+0000] {dag.py:3823} INFO - Setting next_dagrun for olist_data_pipeline to 2026-04-25 02:00:00+00:00, run_after=2026-04-26 02:00:00+00:00
[2026-04-26T00:31:46.183+0000] {processor.py:183} INFO - Processing /app/dags/olist_pipeline_dag.py took 0.413 seconds
[2026-04-26T00:32:35.169+0000] {processor.py:161} INFO - Started process (PID=303) to work on /app/dags/olist_pipeline_dag.py
[2026-04-26T00:32:35.172+0000] {processor.py:830} INFO - Processing file /app/dags/olist_pipeline_dag.py for tasks to queue
[2026-04-26T00:32:35.174+0000] {logging_mixin.py:188} INFO - [2026-04-26T00:32:35.174+0000] {dagbag.py:538} INFO - Filling up the DagBag from /app/dags/olist_pipeline_dag.py
[2026-04-26T00:32:35.266+0000] {processor.py:840} INFO - DAG(s) 'olist_data_pipeline' retrieved from /app/dags/olist_pipeline_dag.py
[2026-04-26T00:32:35.387+0000] {logging_mixin.py:188} INFO - [2026-04-26T00:32:35.387+0000] {dag.py:3036} INFO - Sync 1 DAGs
[2026-04-26T00:32:35.443+0000] {logging_mixin.py:188} INFO - [2026-04-26T00:32:35.443+0000] {dag.py:3823} INFO - Setting next_dagrun for olist_data_pipeline to 2026-04-25 02:00:00+00:00, run_after=2026-04-26 02:00:00+00:00
[2026-04-26T00:32:35.627+0000] {processor.py:183} INFO - Processing /app/dags/olist_pipeline_dag.py took 0.467 seconds
[2026-04-26T00:33:10.867+0000] {processor.py:161} INFO - Started process (PID=323) to work on /app/dags/olist_pipeline_dag.py
[2026-04-26T00:33:10.869+0000] {processor.py:830} INFO - Processing file /app/dags/olist_pipeline_dag.py for tasks to queue
[2026-04-26T00:33:10.871+0000] {logging_mixin.py:188} INFO - [2026-04-26T00:33:10.870+0000] {dagbag.py:538} INFO - Filling up the DagBag from /app/dags/olist_pipeline_dag.py
[2026-04-26T00:33:10.946+0000] {processor.py:840} INFO - DAG(s) 'olist_data_pipeline' retrieved from /app/dags/olist_pipeline_dag.py
[2026-04-26T00:33:11.022+0000] {logging_mixin.py:188} INFO - [2026-04-26T00:33:11.021+0000] {dag.py:3036} INFO - Sync 1 DAGs
[2026-04-26T00:33:11.085+0000] {logging_mixin.py:188} INFO - [2026-04-26T00:33:11.084+0000] {dag.py:3823} INFO - Setting next_dagrun for olist_data_pipeline to 2026-04-25 02:00:00+00:00, run_after=2026-04-26 02:00:00+00:00
[2026-04-26T00:33:11.221+0000] {processor.py:183} INFO - Processing /app/dags/olist_pipeline_dag.py took 0.363 seconds
[2026-04-26T00:33:41.525+0000] {processor.py:161} INFO - Started process (PID=342) to work on /app/dags/olist_pipeline_dag.py
[2026-04-26T00:33:41.527+0000] {processor.py:830} INFO - Processing file /app/dags/olist_pipeline_dag.py for tasks to queue
[2026-04-26T00:33:41.529+0000] {logging_mixin.py:188} INFO - [2026-04-26T00:33:41.529+0000] {dagbag.py:538} INFO - Filling up the DagBag from /app/dags/olist_pipeline_dag.py
[2026-04-26T00:33:41.610+0000] {processor.py:840} INFO - DAG(s) 'olist_data_pipeline' retrieved from /app/dags/olist_pipeline_dag.py
[2026-04-26T00:33:41.686+0000] {logging_mixin.py:188} INFO - [2026-04-26T00:33:41.686+0000] {dag.py:3036} INFO - Sync 1 DAGs
[2026-04-26T00:33:41.749+0000] {logging_mixin.py:188} INFO - [2026-04-26T00:33:41.749+0000] {dag.py:3823} INFO - Setting next_dagrun for olist_data_pipeline to 2026-04-25 02:00:00+00:00, run_after=2026-04-26 02:00:00+00:00
[2026-04-26T00:33:41.936+0000] {processor.py:183} INFO - Processing /app/dags/olist_pipeline_dag.py took 0.417 seconds
[2026-04-26T00:34:12.857+0000] {processor.py:161} INFO - Started process (PID=350) to work on /app/dags/olist_pipeline_dag.py
[2026-04-26T00:34:12.859+0000] {processor.py:830} INFO - Processing file /app/dags/olist_pipeline_dag.py for tasks to queue
[2026-04-26T00:34:12.861+0000] {logging_mixin.py:188} INFO - [2026-04-26T00:34:12.861+0000] {dagbag.py:538} INFO - Filling up the DagBag from /app/dags/olist_pipeline_dag.py
[2026-04-26T00:34:12.933+0000] {processor.py:840} INFO - DAG(s) 'olist_data_pipeline' retrieved from /app/dags/olist_pipeline_dag.py
[2026-04-26T00:34:12.996+0000] {logging_mixin.py:188} INFO - [2026-04-26T00:34:12.995+0000] {dag.py:3036} INFO - Sync 1 DAGs
[2026-04-26T00:34:13.043+0000] {logging_mixin.py:188} INFO - [2026-04-26T00:34:13.042+0000] {dag.py:3823} INFO - Setting next_dagrun for olist_data_pipeline to 2026-04-25 02:00:00+00:00, run_after=2026-04-26 02:00:00+00:00
[2026-04-26T00:34:13.217+0000] {processor.py:183} INFO - Processing /app/dags/olist_pipeline_dag.py took 0.366 seconds
[2026-04-26T00:34:43.429+0000] {processor.py:161} INFO - Started process (PID=357) to work on /app/dags/olist_pipeline_dag.py
[2026-04-26T00:34:43.431+0000] {processor.py:830} INFO - Processing file /app/dags/olist_pipeline_dag.py for tasks to queue
[2026-04-26T00:34:43.434+0000] {logging_mixin.py:188} INFO - [2026-04-26T00:34:43.433+0000] {dagbag.py:538} INFO - Filling up the DagBag from /app/dags/olist_pipeline_dag.py
[2026-04-26T00:34:43.496+0000] {processor.py:840} INFO - DAG(s) 'olist_data_pipeline' retrieved from /app/dags/olist_pipeline_dag.py
[2026-04-26T00:34:43.568+0000] {logging_mixin.py:188} INFO - [2026-04-26T00:34:43.567+0000] {dag.py:3036} INFO - Sync 1 DAGs
[2026-04-26T00:34:43.641+0000] {logging_mixin.py:188} INFO - [2026-04-26T00:34:43.641+0000] {dag.py:3823} INFO - Setting next_dagrun for olist_data_pipeline to 2026-04-25 02:00:00+00:00, run_after=2026-04-26 02:00:00+00:00
[2026-04-26T00:34:43.802+0000] {processor.py:183} INFO - Processing /app/dags/olist_pipeline_dag.py took 0.378 seconds
