[2026-04-25T23:52:37.733+0000] {taskinstance.py:1956} INFO - Dependencies all met for dep_context=non-requeueable deps ti=<TaskInstance: olist_data_pipeline.s3_to_bronze scheduled__2026-04-24T02:00:00+00:00 [queued]>
[2026-04-25T23:52:37.747+0000] {taskinstance.py:1956} INFO - Dependencies all met for dep_context=requeueable deps ti=<TaskInstance: olist_data_pipeline.s3_to_bronze scheduled__2026-04-24T02:00:00+00:00 [queued]>
[2026-04-25T23:52:37.748+0000] {taskinstance.py:2170} INFO - Starting attempt 2 of 2
[2026-04-25T23:52:37.784+0000] {taskinstance.py:2191} INFO - Executing <Task(PythonOperator): s3_to_bronze> on 2026-04-24 02:00:00+00:00
[2026-04-25T23:52:37.788+0000] {standard_task_runner.py:60} INFO - Started process 42 to run task
[2026-04-25T23:52:37.791+0000] {standard_task_runner.py:87} INFO - Running: ['airflow', 'tasks', 'run', 'olist_data_pipeline', 's3_to_bronze', 'scheduled__2026-04-24T02:00:00+00:00', '--job-id', '6', '--raw', '--subdir', 'DAGS_FOLDER/olist_pipeline_dag.py', '--cfg-path', '/tmp/tmpqsyg6riw']
[2026-04-25T23:52:37.794+0000] {standard_task_runner.py:88} INFO - Job 6: Subtask s3_to_bronze
[2026-04-25T23:52:37.935+0000] {task_command.py:423} INFO - Running <TaskInstance: olist_data_pipeline.s3_to_bronze scheduled__2026-04-24T02:00:00+00:00 [running]> on host c24f832798f5
[2026-04-25T23:52:38.191+0000] {taskinstance.py:2480} INFO - Exporting env vars: AIRFLOW_CTX_DAG_OWNER='data-engineering' AIRFLOW_CTX_DAG_ID='olist_data_pipeline' AIRFLOW_CTX_TASK_ID='s3_to_bronze' AIRFLOW_CTX_EXECUTION_DATE='2026-04-24T02:00:00+00:00' AIRFLOW_CTX_TRY_NUMBER='2' AIRFLOW_CTX_DAG_RUN_ID='scheduled__2026-04-24T02:00:00+00:00'
[2026-04-25T23:52:52.870+0000] {logging_mixin.py:188} INFO - Mode: INCREMENTAL
Setting up stage...
Loading tables...

  olist_customers: LOADED — 0 rows loaded, 0 errors  [APPEND]
  olist_geolocation: LOADED — 0 rows loaded, 0 errors  [APPEND]
  [olist_order_items] last watermark: 2020-04-09 22:35:08
  olist_order_items: LOADED — 0 rows loaded, 0 errors  [APPEND]
  olist_order_payments: LOADED — 0 rows loaded, 0 errors  [APPEND]
  [olist_order_reviews] last watermark: 2018-08-31 00:00:00
  olist_order_reviews: LOADED — 0 rows loaded, 0 errors  [APPEND]
  [olist_orders] last watermark: 2018-10-17 17:30:18
  olist_orders: LOADED — 0 rows loaded, 0 errors  [APPEND]
  olist_products: LOADED — 0 rows loaded, 0 errors  [APPEND]
  product_category_name_translation: LOADED — 0 rows loaded, 0 errors  [APPEND]

All tables loaded successfully!
[2026-04-25T23:52:52.871+0000] {python.py:201} INFO - Done. Returned value was: None
[2026-04-25T23:52:52.893+0000] {taskinstance.py:1138} INFO - Marking task as SUCCESS. dag_id=olist_data_pipeline, task_id=s3_to_bronze, execution_date=20260424T020000, start_date=20260425T235237, end_date=20260425T235252
[2026-04-25T23:52:52.959+0000] {local_task_job_runner.py:234} INFO - Task exited with return code 0
[2026-04-25T23:52:53.042+0000] {taskinstance.py:3280} INFO - 2 downstream tasks scheduled from follow-on schedule check
